SF:C:\Users\vanbukin\src\primitives\src\Dodo.Primitives\Hex.cs
FN:20,System.Boolean Dodo.Primitives.Hex::IsHexString(System.String)
FNDA:54,System.Boolean Dodo.Primitives.Hex::IsHexString(System.String)
DA:21,54
DA:23,3
DA:26,51
DA:28,3
DA:31,48
DA:34,32
DA:37,16
DA:40,237
DA:42,165
DA:43,165
DA:44,165
DA:45,165
DA:47,141
DA:51,24
DA:56,24
BRDA:21,6,0,3
BRDA:21,6,1,51
BRDA:26,18,0,3
BRDA:26,18,1,48
BRDA:40,121,1,110
BRDA:42,52,0,100
BRDA:42,73,0,94
BRDA:42,86,0,94
BRDA:42,109,0,94
BRDA:42,52,1,16
BRDA:42,73,1,16
BRDA:42,86,1,16
BRDA:42,109,1,16
BRDA:40,121,0,16
BRDA:37,35,0,16
BRDA:37,35,1,16
BRDA:40,127,1,55
BRDA:42,58,0,50
BRDA:42,79,0,47
BRDA:42,92,0,47
BRDA:42,115,0,47
BRDA:42,58,1,8
BRDA:42,79,1,8
BRDA:42,92,1,8
BRDA:42,115,1,8
BRDA:40,127,0,8
FN:60,System.Byte[] Dodo.Primitives.Hex::GetBytes(System.String)
FNDA:54,System.Byte[] Dodo.Primitives.Hex::GetBytes(System.String)
DA:61,54
DA:63,3
DA:66,51
DA:68,3
DA:71,48
DA:72,48
DA:74,32
DA:77,16
DA:79,48
DA:81,48
DA:82,237
DA:86,165
DA:87,165
DA:88,165
DA:89,165
DA:91,141
DA:92,141
DA:93,141
DA:94,141
DA:98,24
DA:103,24
BRDA:61,6,0,3
BRDA:61,6,1,51
BRDA:66,18,0,3
BRDA:66,18,1,48
BRDA:82,186,1,110
BRDA:86,80,0,100
BRDA:86,105,0,94
BRDA:86,119,0,94
BRDA:86,146,0,94
BRDA:86,80,1,16
BRDA:86,105,1,16
BRDA:86,119,1,16
BRDA:86,146,1,16
BRDA:82,186,0,16
BRDA:77,44,0,16
BRDA:77,44,1,16
BRDA:82,192,1,55
BRDA:86,86,0,50
BRDA:86,111,0,47
BRDA:86,125,0,47
BRDA:86,152,0,47
BRDA:86,86,1,8
BRDA:86,111,1,8
BRDA:86,125,1,8
BRDA:86,152,1,8
BRDA:82,192,0,8
FN:107,System.String Dodo.Primitives.Hex::GetString(System.Byte[])
FNDA:387,System.String Dodo.Primitives.Hex::GetString(System.Byte[])
DA:108,387
DA:110,3
DA:113,384
DA:115,3
DA:118,381
DA:120,254
DA:123,127
DA:126,381
DA:127,120348
DA:129,59793
DA:133,381
BRDA:108,1,0,3
BRDA:108,1,1,384
BRDA:113,7,0,3
BRDA:113,7,1,381
BRDA:127,69,1,39862
BRDA:127,69,0,254
BRDA:123,33,0,127
BRDA:123,33,1,127
BRDA:127,83,1,19931
BRDA:127,83,0,127
FN:14,System.Void Dodo.Primitives.Hex::.cctor()
FNDA:3,System.Void Dodo.Primitives.Hex::.cctor()
DA:15,3
DA:16,3
DA:17,3
LF:50
LH:50
BRF:62
BRH:62
FNF:4
FNH:4
end_of_record
SF:C:\Users\vanbukin\src\primitives\src\Dodo.Primitives\SystemTextJsonUuidJsonConverter.cs
FN:13,Dodo.Primitives.Uuid Dodo.Primitives.SystemTextJsonUuidJsonConverter::Read(System.Text.Json.Utf8JsonReader&,System.Type,System.Text.Json.JsonSerializerOptions)
FNDA:3,Dodo.Primitives.Uuid Dodo.Primitives.SystemTextJsonUuidJsonConverter::Read(System.Text.Json.Utf8JsonReader&,System.Type,System.Text.Json.JsonSerializerOptions)
DA:14,3
FN:22,System.Void Dodo.Primitives.SystemTextJsonUuidJsonConverter::Write(System.Text.Json.Utf8JsonWriter,Dodo.Primitives.Uuid,System.Text.Json.JsonSerializerOptions)
FNDA:3,System.Void Dodo.Primitives.SystemTextJsonUuidJsonConverter::Write(System.Text.Json.Utf8JsonWriter,Dodo.Primitives.Uuid,System.Text.Json.JsonSerializerOptions)
DA:23,3
DA:25,2
DA:26,2
DA:30,1
DA:31,1
DA:32,1
DA:33,1
DA:35,3
LF:9
LH:9
BRF:0
BRH:0
FNF:2
FNH:2
end_of_record
SF:C:\Users\vanbukin\src\primitives\src\Dodo.Primitives\Utf8JsonReaderUuidExtensions.cs
FN:14,Dodo.Primitives.Uuid Dodo.Primitives.Utf8JsonReaderUuidExtensions::GetUuid(System.Text.Json.Utf8JsonReader&)
FNDA:6,Dodo.Primitives.Uuid Dodo.Primitives.Utf8JsonReaderUuidExtensions::GetUuid(System.Text.Json.Utf8JsonReader&)
DA:15,6
DA:17,3
DA:18,3
DA:19,3
DA:20,3
DA:23,3
BRDA:15,8,0,3
BRDA:15,8,1,3
FN:29,System.Boolean Dodo.Primitives.Utf8JsonReaderUuidExtensions::TryGetUuid(System.Text.Json.Utf8JsonReader&,Dodo.Primitives.Uuid&)
FNDA:7458,System.Boolean Dodo.Primitives.Utf8JsonReaderUuidExtensions::TryGetUuid(System.Text.Json.Utf8JsonReader&,Dodo.Primitives.Uuid&)
DA:30,7458
DA:31,7455
DA:33,7443
DA:36,12
DA:37,12
BRDA:31,12,0,7443
BRDA:31,12,1,12
LF:11
LH:11
BRF:4
BRH:4
FNF:2
FNH:2
end_of_record
SF:C:\Users\vanbukin\src\primitives\src\Dodo.Primitives\Uuid.cs
FN:129,System.Byte[] Dodo.Primitives.Uuid::ToByteArray()
FNDA:399,System.Byte[] Dodo.Primitives.Uuid::ToByteArray()
DA:130,399
DA:131,399
DA:132,399
FN:136,System.Boolean Dodo.Primitives.Uuid::TryWriteBytes(System.Span`1<System.Byte>)
FNDA:81,System.Boolean Dodo.Primitives.Uuid::TryWriteBytes(System.Span`1<System.Byte>)
DA:137,81
DA:139,27
DA:142,54
DA:143,54
BRDA:137,12,0,27
BRDA:137,12,1,54
FN:147,System.Int32 Dodo.Primitives.Uuid::CompareTo(System.Object)
FNDA:153,System.Int32 Dodo.Primitives.Uuid::CompareTo(System.Object)
DA:148,153
DA:150,27
DA:153,126
DA:155,27
DA:158,99
DA:159,99
DA:161,6
DA:164,93
DA:166,6
DA:169,87
DA:171,6
DA:174,81
DA:176,6
DA:179,75
DA:181,6
DA:184,69
DA:186,6
DA:189,63
DA:191,6
DA:194,57
DA:196,6
DA:199,51
DA:201,6
DA:204,45
DA:206,6
DA:209,39
DA:211,6
DA:214,33
DA:216,6
DA:219,27
DA:221,6
DA:224,21
DA:226,6
DA:229,15
DA:231,6
DA:234,9
DA:236,6
DA:239,3
BRDA:148,1,0,27
BRDA:148,1,1,126
BRDA:153,11,0,27
BRDA:153,11,1,99
BRDA:159,48,0,6
BRDA:161,62,0,3
BRDA:161,62,1,3
BRDA:159,48,1,93
BRDA:164,80,0,6
BRDA:166,94,0,3
BRDA:166,94,1,3
BRDA:164,80,1,87
BRDA:169,112,0,6
BRDA:171,126,0,3
BRDA:171,126,1,3
BRDA:169,112,1,81
BRDA:174,144,0,6
BRDA:176,158,0,3
BRDA:176,158,1,3
BRDA:174,144,1,75
BRDA:179,176,0,6
BRDA:181,190,0,3
BRDA:181,190,1,3
BRDA:179,176,1,69
BRDA:184,208,0,6
BRDA:186,222,0,3
BRDA:186,222,1,3
BRDA:184,208,1,63
BRDA:189,240,0,6
BRDA:191,254,0,3
BRDA:191,254,1,3
BRDA:189,240,1,57
BRDA:194,272,0,6
BRDA:196,286,0,3
BRDA:196,286,1,3
BRDA:194,272,1,51
BRDA:199,304,0,6
BRDA:201,318,0,3
BRDA:201,318,1,3
BRDA:199,304,1,45
BRDA:204,336,0,6
BRDA:206,350,0,3
BRDA:206,350,1,3
BRDA:204,336,1,39
BRDA:209,368,0,6
BRDA:211,382,0,3
BRDA:211,382,1,3
BRDA:209,368,1,33
BRDA:214,400,0,6
BRDA:216,414,0,3
BRDA:216,414,1,3
BRDA:214,400,1,27
BRDA:219,432,0,6
BRDA:221,446,0,3
BRDA:221,446,1,3
BRDA:219,432,1,21
BRDA:224,464,0,6
BRDA:226,478,0,3
BRDA:226,478,1,3
BRDA:224,464,1,15
BRDA:229,496,0,6
BRDA:231,510,0,3
BRDA:231,510,1,3
BRDA:229,496,1,9
BRDA:234,528,0,6
BRDA:236,542,0,3
BRDA:236,542,1,3
BRDA:234,528,1,3
FN:243,System.Int32 Dodo.Primitives.Uuid::CompareTo(Dodo.Primitives.Uuid)
FNDA:99,System.Int32 Dodo.Primitives.Uuid::CompareTo(Dodo.Primitives.Uuid)
DA:244,99
DA:246,6
DA:249,93
DA:251,6
DA:254,87
DA:256,6
DA:259,81
DA:261,6
DA:264,75
DA:266,6
DA:269,69
DA:271,6
DA:274,63
DA:276,6
DA:279,57
DA:281,6
DA:284,51
DA:286,6
DA:289,45
DA:291,6
DA:294,39
DA:296,6
DA:299,33
DA:301,6
DA:304,27
DA:306,6
DA:309,21
DA:311,6
DA:314,15
DA:316,6
DA:319,9
DA:321,6
DA:324,3
BRDA:244,12,0,6
BRDA:246,26,0,3
BRDA:246,26,1,3
BRDA:244,12,1,93
BRDA:249,44,0,6
BRDA:251,58,0,3
BRDA:251,58,1,3
BRDA:249,44,1,87
BRDA:254,76,0,6
BRDA:256,90,0,3
BRDA:256,90,1,3
BRDA:254,76,1,81
BRDA:259,108,0,6
BRDA:261,122,0,3
BRDA:261,122,1,3
BRDA:259,108,1,75
BRDA:264,140,0,6
BRDA:266,154,0,3
BRDA:266,154,1,3
BRDA:264,140,1,69
BRDA:269,172,0,6
BRDA:271,186,0,3
BRDA:271,186,1,3
BRDA:269,172,1,63
BRDA:274,204,0,6
BRDA:276,218,0,3
BRDA:276,218,1,3
BRDA:274,204,1,57
BRDA:279,236,0,6
BRDA:281,250,0,3
BRDA:281,250,1,3
BRDA:279,236,1,51
BRDA:284,268,0,6
BRDA:286,282,0,3
BRDA:286,282,1,3
BRDA:284,268,1,45
BRDA:289,300,0,6
BRDA:291,314,0,3
BRDA:291,314,1,3
BRDA:289,300,1,39
BRDA:294,332,0,6
BRDA:296,346,0,3
BRDA:296,346,1,3
BRDA:294,332,1,33
BRDA:299,364,0,6
BRDA:301,378,0,3
BRDA:301,378,1,3
BRDA:299,364,1,27
BRDA:304,396,0,6
BRDA:306,410,0,3
BRDA:306,410,1,3
BRDA:304,396,1,21
BRDA:309,428,0,6
BRDA:311,442,0,3
BRDA:311,442,1,3
BRDA:309,428,1,15
BRDA:314,460,0,6
BRDA:316,474,0,3
BRDA:316,474,1,3
BRDA:314,460,1,9
BRDA:319,492,0,6
BRDA:321,506,0,3
BRDA:321,506,1,3
BRDA:319,492,1,3
FN:332,System.Boolean Dodo.Primitives.Uuid::Equals(System.Object)
FNDA:66,System.Boolean Dodo.Primitives.Uuid::Equals(System.Object)
DA:333,66
DA:335,54
DA:339,12
DA:342,12
BRDA:333,1,0,39
BRDA:333,1,1,54
BRDA:333,9,0,54
BRDA:333,9,1,12
BRDA:342,32,0,9
BRDA:342,32,1,3
FN:346,System.Boolean Dodo.Primitives.Uuid::Equals(Dodo.Primitives.Uuid)
FNDA:9063,System.Boolean Dodo.Primitives.Uuid::Equals(Dodo.Primitives.Uuid)
DA:347,9063
BRDA:347,12,0,9060
BRDA:347,12,1,3
FN:351,System.Int32 Dodo.Primitives.Uuid::GetHashCode()
FNDA:27,System.Int32 Dodo.Primitives.Uuid::GetHashCode()
DA:352,27
FN:356,System.Boolean Dodo.Primitives.Uuid::op_Equality(Dodo.Primitives.Uuid,Dodo.Primitives.Uuid)
FNDA:12,System.Boolean Dodo.Primitives.Uuid::op_Equality(Dodo.Primitives.Uuid,Dodo.Primitives.Uuid)
DA:357,12
BRDA:357,12,0,9
BRDA:357,12,1,3
FN:361,System.Boolean Dodo.Primitives.Uuid::op_Inequality(Dodo.Primitives.Uuid,Dodo.Primitives.Uuid)
FNDA:12,System.Boolean Dodo.Primitives.Uuid::op_Inequality(Dodo.Primitives.Uuid,Dodo.Primitives.Uuid)
DA:362,12
BRDA:362,12,0,9
BRDA:362,12,1,3
FN:366,System.Boolean Dodo.Primitives.Uuid::TryFormat(System.Span`1<System.Char>,System.Int32&,System.ReadOnlySpan`1<System.Char>)
FNDA:516,System.Boolean Dodo.Primitives.Uuid::TryFormat(System.Span`1<System.Char>,System.Int32&,System.ReadOnlySpan`1<System.Char>)
DA:367,516
DA:370,36
DA:373,18
DA:377,516
DA:379,27
DA:380,27
DA:383,489
DA:387,138
DA:389,54
DA:390,54
DA:393,84
DA:395,84
DA:398,84
DA:399,84
DA:403,81
DA:405,54
DA:406,54
DA:409,27
DA:411,27
DA:414,27
DA:415,27
DA:419,81
DA:421,54
DA:422,54
DA:425,27
DA:427,27
DA:430,27
DA:431,27
DA:435,81
DA:437,54
DA:438,54
DA:441,27
DA:443,27
DA:446,27
DA:447,27
DA:451,81
DA:453,54
DA:454,54
DA:457,27
DA:459,27
DA:462,27
DA:463,27
DA:467,27
DA:468,27
BRDA:367,7,0,54
BRDA:367,7,1,516
BRDA:377,29,0,27
BRDA:377,29,1,489
BRDA:383,53,0,162
BRDA:383,58,0,81
BRDA:383,53,1,327
BRDA:383,73,0,189
BRDA:383,78,0,108
BRDA:383,73,1,138
BRDA:387,105,0,54
BRDA:387,105,1,84
BRDA:383,63,1,81
BRDA:403,148,0,54
BRDA:403,148,1,27
BRDA:383,58,1,81
BRDA:419,191,0,54
BRDA:419,191,1,27
BRDA:383,78,1,81
BRDA:435,236,0,54
BRDA:435,236,1,27
BRDA:383,86,1,81
BRDA:451,281,0,54
BRDA:451,281,1,27
BRDA:383,63,0,27
BRDA:383,86,0,27
FN:474,System.String Dodo.Primitives.Uuid::ToString()
FNDA:27,System.String Dodo.Primitives.Uuid::ToString()
DA:475,27
FN:480,System.String Dodo.Primitives.Uuid::ToString(System.String)
FNDA:4347,System.String Dodo.Primitives.Uuid::ToString(System.String)
DA:481,4347
FN:485,System.String Dodo.Primitives.Uuid::ToString(System.String,System.IFormatProvider)
FNDA:4374,System.String Dodo.Primitives.Uuid::ToString(System.String,System.IFormatProvider)
DA:486,4374
DA:488,27
DA:491,4374
DA:493,27
DA:496,4374
DA:498,27
DA:499,27
DA:502,4347
DA:506,1236
DA:508,824
DA:511,412
DA:514,1236
DA:517,1236
DA:521,771
DA:523,514
DA:526,257
DA:529,771
DA:532,771
DA:536,771
DA:538,514
DA:541,257
DA:544,771
DA:547,771
DA:551,771
DA:553,514
DA:556,257
DA:559,771
DA:562,771
DA:566,771
DA:568,514
DA:571,257
DA:574,771
DA:577,771
DA:580,27
DA:581,27
BRDA:486,1,0,27
BRDA:486,1,1,4374
BRDA:491,16,0,27
BRDA:491,16,1,4374
BRDA:496,32,0,27
BRDA:496,32,1,4347
BRDA:502,60,0,1542
BRDA:502,65,0,771
BRDA:502,60,1,2805
BRDA:502,80,0,1569
BRDA:502,85,0,798
BRDA:502,80,1,824
BRDA:502,70,1,514
BRDA:502,65,1,514
BRDA:502,85,1,514
BRDA:502,90,1,514
BRDA:502,70,0,18
BRDA:502,90,0,18
BRDA:502,80,1,412
BRDA:511,114,0,412
BRDA:511,114,1,412
BRDA:502,70,1,257
BRDA:526,148,0,257
BRDA:526,148,1,257
BRDA:502,65,1,257
BRDA:541,184,0,257
BRDA:541,184,1,257
BRDA:502,85,1,257
BRDA:556,223,0,257
BRDA:556,223,1,257
BRDA:502,90,1,257
BRDA:571,262,0,257
BRDA:571,262,1,257
BRDA:502,70,0,9
BRDA:502,90,0,9
FN:592,System.Void Dodo.Primitives.Uuid::FormatN(System.Char*)
FNDA:1320,System.Void Dodo.Primitives.Uuid::FormatN(System.Char*)
DA:593,1320
DA:594,1320
DA:595,1320
DA:596,1320
DA:597,1320
DA:598,1320
DA:599,1320
DA:600,1320
DA:601,1320
DA:602,1320
DA:603,1320
DA:604,1320
DA:605,1320
DA:606,1320
DA:607,1320
DA:608,1320
DA:609,1320
DA:610,1320
FN:620,System.Void Dodo.Primitives.Uuid::FormatD(System.Char*)
FNDA:798,System.Void Dodo.Primitives.Uuid::FormatD(System.Char*)
DA:621,798
DA:622,798
DA:623,798
DA:624,798
DA:625,798
DA:626,798
DA:627,798
DA:628,798
DA:629,798
DA:630,798
DA:631,798
DA:632,798
DA:633,798
DA:634,798
DA:635,798
DA:636,798
DA:637,798
DA:638,798
DA:639,798
DA:640,798
DA:641,798
FN:651,System.Void Dodo.Primitives.Uuid::FormatB(System.Char*)
FNDA:798,System.Void Dodo.Primitives.Uuid::FormatB(System.Char*)
DA:652,798
DA:653,798
DA:654,798
DA:655,798
DA:656,798
DA:657,798
DA:658,798
DA:659,798
DA:660,798
DA:661,798
DA:662,798
DA:663,798
DA:664,798
DA:665,798
DA:666,798
DA:667,798
DA:668,798
DA:669,798
DA:670,798
DA:671,798
DA:672,798
DA:673,798
DA:674,798
FN:684,System.Void Dodo.Primitives.Uuid::FormatP(System.Char*)
FNDA:798,System.Void Dodo.Primitives.Uuid::FormatP(System.Char*)
DA:685,798
DA:686,798
DA:687,798
DA:688,798
DA:689,798
DA:690,798
DA:691,798
DA:692,798
DA:693,798
DA:694,798
DA:695,798
DA:696,798
DA:697,798
DA:698,798
DA:699,798
DA:700,798
DA:701,798
DA:702,798
DA:703,798
DA:704,798
DA:705,798
DA:706,798
DA:707,798
FN:721,System.Void Dodo.Primitives.Uuid::FormatX(System.Char*)
FNDA:798,System.Void Dodo.Primitives.Uuid::FormatX(System.Char*)
DA:722,798
DA:723,798
DA:724,798
DA:725,798
DA:726,798
DA:727,798
DA:728,798
DA:729,798
DA:730,798
DA:731,798
DA:732,798
DA:733,798
DA:734,798
DA:735,798
DA:736,798
DA:737,798
DA:738,798
DA:739,798
DA:740,798
DA:741,798
DA:742,798
DA:743,798
DA:744,798
DA:745,798
DA:746,798
DA:747,798
FN:760,System.Guid Dodo.Primitives.Uuid::ToGuidByteLayout()
FNDA:372,System.Guid Dodo.Primitives.Uuid::ToGuidByteLayout()
DA:761,372
DA:762,372
DA:763,372
DA:764,372
DA:765,372
DA:766,372
DA:767,372
DA:768,372
DA:769,372
DA:770,372
DA:771,372
DA:772,372
DA:773,372
DA:774,372
DA:775,372
DA:776,372
DA:777,372
DA:778,372
DA:779,372
DA:780,372
FN:794,System.Guid Dodo.Primitives.Uuid::ToGuidStringLayout()
FNDA:372,System.Guid Dodo.Primitives.Uuid::ToGuidStringLayout()
DA:795,372
DA:796,372
DA:797,372
DA:798,372
DA:799,372
DA:800,372
DA:801,372
DA:802,372
DA:803,372
DA:804,372
DA:805,372
DA:806,372
DA:807,372
DA:808,372
DA:809,372
DA:810,372
DA:811,372
DA:812,372
DA:813,372
DA:814,372
FN:857,Dodo.Primitives.Uuid Dodo.Primitives.Uuid::Parse(System.String)
FNDA:6858,Dodo.Primitives.Uuid Dodo.Primitives.Uuid::Parse(System.String)
DA:858,6858
DA:860,3
DA:863,6855
DA:864,6855
DA:866,4570
DA:869,2285
DA:872,6855
DA:875,1860
BRDA:858,1,0,3
BRDA:858,1,1,6855
BRDA:869,32,0,2285
BRDA:869,32,1,2285
FN:879,Dodo.Primitives.Uuid Dodo.Primitives.Uuid::Parse(System.ReadOnlySpan`1<System.Char>)
FNDA:6855,Dodo.Primitives.Uuid Dodo.Primitives.Uuid::Parse(System.ReadOnlySpan`1<System.Char>)
DA:880,6855
DA:882,3
DA:885,6852
DA:886,6852
DA:887,6852
DA:889,6852
DA:892,1860
BRDA:880,7,0,3
BRDA:880,7,1,6852
FN:896,Dodo.Primitives.Uuid Dodo.Primitives.Uuid::ParseExact(System.String,System.String)
FNDA:25668,Dodo.Primitives.Uuid Dodo.Primitives.Uuid::ParseExact(System.String,System.String)
DA:897,25668
DA:899,30
DA:902,25638
DA:904,372
DA:907,25266
DA:908,25266
DA:909,25266
DA:912,4854
DA:914,3236
DA:917,1618
DA:920,4854
DA:923,744
DA:926,4902
DA:928,3268
DA:931,1634
DA:934,4902
DA:937,744
DA:940,4926
DA:942,3284
DA:945,1642
DA:948,4926
DA:951,744
DA:954,4926
DA:956,3284
DA:959,1642
DA:962,4926
DA:965,744
DA:968,5286
DA:970,3524
DA:973,1762
DA:976,5286
DA:979,744
DA:983,372
DA:984,372
BRDA:897,1,0,30
BRDA:897,1,1,25638
BRDA:902,15,0,372
BRDA:902,15,1,25266
BRDA:909,55,0,9828
BRDA:909,60,0,4902
BRDA:909,55,1,15438
BRDA:909,75,0,10584
BRDA:909,80,0,3772
BRDA:909,75,1,3236
BRDA:909,65,1,3268
BRDA:909,60,1,3284
BRDA:909,80,1,3284
BRDA:909,85,1,3524
BRDA:909,65,0,248
BRDA:909,85,0,248
BRDA:909,80,0,1886
BRDA:909,75,1,1618
BRDA:917,106,0,1618
BRDA:917,106,1,1618
BRDA:909,65,1,1634
BRDA:931,144,0,1634
BRDA:931,144,1,1634
BRDA:909,60,1,1642
BRDA:945,185,0,1642
BRDA:945,185,1,1642
BRDA:909,80,1,1642
BRDA:959,226,0,1642
BRDA:959,226,1,1642
BRDA:909,88,1,1762
BRDA:973,267,0,1762
BRDA:973,267,1,1762
BRDA:909,65,0,124
BRDA:909,88,0,124
FN:990,Dodo.Primitives.Uuid Dodo.Primitives.Uuid::ParseExact(System.ReadOnlySpan`1<System.Char>,System.ReadOnlySpan`1<System.Char>)
FNDA:25638,Dodo.Primitives.Uuid Dodo.Primitives.Uuid::ParseExact(System.ReadOnlySpan`1<System.Char>,System.ReadOnlySpan`1<System.Char>)
DA:991,25638
DA:993,30
DA:996,25608
DA:998,372
DA:999,372
DA:1002,25236
DA:1003,25236
DA:1004,25236
DA:1007,4848
DA:1008,4848
DA:1010,4848
DA:1013,744
DA:1016,4896
DA:1017,4896
DA:1019,4896
DA:1022,744
DA:1025,4920
DA:1026,4920
DA:1028,4920
DA:1031,744
DA:1034,4920
DA:1035,4920
DA:1037,4920
DA:1040,744
DA:1043,5280
DA:1044,5280
DA:1046,5280
DA:1049,744
DA:1053,372
DA:1054,372
BRDA:991,7,0,30
BRDA:991,7,1,25608
BRDA:996,28,0,372
BRDA:996,28,1,25236
BRDA:1004,70,0,9816
BRDA:1004,75,0,4896
BRDA:1004,70,1,15420
BRDA:1004,90,0,10572
BRDA:1004,95,0,5652
BRDA:1004,90,1,4848
BRDA:1004,80,1,4896
BRDA:1004,75,1,4920
BRDA:1004,95,1,4920
BRDA:1004,100,1,5280
BRDA:1004,80,0,372
BRDA:1004,100,0,372
FN:1060,System.Boolean Dodo.Primitives.Uuid::TryParse(System.String,Dodo.Primitives.Uuid&)
FNDA:14313,System.Boolean Dodo.Primitives.Uuid::TryParse(System.String,Dodo.Primitives.Uuid&)
DA:1061,14313
DA:1063,3
DA:1064,3
DA:1067,14310
DA:1068,14310
DA:1070,9540
DA:1073,4770
DA:1076,14310
DA:1078,9303
DA:1079,9303
DA:1083,5007
DA:1084,5007
BRDA:1061,1,0,3
BRDA:1061,1,1,14310
BRDA:1076,47,0,6202
BRDA:1076,47,1,3338
BRDA:1073,30,0,4770
BRDA:1073,30,1,4770
BRDA:1076,53,0,3101
BRDA:1076,53,1,1669
FN:1088,System.Boolean Dodo.Primitives.Uuid::TryParse(System.ReadOnlySpan`1<System.Char>,Dodo.Primitives.Uuid&)
FNDA:6855,System.Boolean Dodo.Primitives.Uuid::TryParse(System.ReadOnlySpan`1<System.Char>,Dodo.Primitives.Uuid&)
DA:1089,6855
DA:1091,3
DA:1092,3
DA:1095,6852
DA:1096,6852
DA:1097,6852
DA:1099,6852
DA:1101,1860
DA:1102,1860
DA:1106,4992
DA:1107,4992
BRDA:1089,7,0,3
BRDA:1089,7,1,6852
BRDA:1099,49,0,1860
BRDA:1099,49,1,4992
FN:1111,System.Boolean Dodo.Primitives.Uuid::TryParse(System.ReadOnlySpan`1<System.Byte>,Dodo.Primitives.Uuid&)
FNDA:6858,System.Boolean Dodo.Primitives.Uuid::TryParse(System.ReadOnlySpan`1<System.Byte>,Dodo.Primitives.Uuid&)
DA:1112,6858
DA:1114,6
DA:1115,6
DA:1118,6852
DA:1119,6852
DA:1120,6852
DA:1122,6852
DA:1124,1860
DA:1125,1860
DA:1129,4992
DA:1130,4992
BRDA:1112,7,0,6
BRDA:1112,7,1,6852
BRDA:1122,49,0,1860
BRDA:1122,49,1,4992
FN:1135,System.Boolean Dodo.Primitives.Uuid::TryParseExact(System.String,System.String,Dodo.Primitives.Uuid&)
FNDA:25668,System.Boolean Dodo.Primitives.Uuid::TryParseExact(System.String,System.String,Dodo.Primitives.Uuid&)
DA:1136,25668
DA:1138,402
DA:1139,402
DA:1142,25266
DA:1143,25266
DA:1144,25266
DA:1146,25266
DA:1149,4902
DA:1151,3268
DA:1154,1634
DA:1157,4902
DA:1160,4902
DA:1163,4854
DA:1165,3236
DA:1168,1618
DA:1171,4854
DA:1174,4854
DA:1177,4926
DA:1179,3284
DA:1182,1642
DA:1185,4926
DA:1188,4926
DA:1191,4926
DA:1193,3284
DA:1196,1642
DA:1199,4926
DA:1202,4926
DA:1205,5286
DA:1207,3524
DA:1210,1762
DA:1213,5286
DA:1220,25266
DA:1222,3720
DA:1223,3720
DA:1226,21546
DA:1227,21546
BRDA:1136,1,0,25638
BRDA:1136,4,0,372
BRDA:1136,4,1,25266
BRDA:1136,1,1,402
BRDA:1136,21,0,402
BRDA:1136,21,1,25266
BRDA:1146,61,0,9828
BRDA:1146,66,0,4902
BRDA:1146,61,1,15438
BRDA:1146,81,0,10584
BRDA:1146,86,0,3772
BRDA:1146,71,1,3268
BRDA:1146,81,1,3236
BRDA:1146,66,1,3284
BRDA:1146,86,1,3284
BRDA:1146,91,1,3524
BRDA:1146,71,0,16844
BRDA:1146,91,0,16844
BRDA:1220,273,0,2480
BRDA:1220,273,1,14364
BRDA:1146,86,0,1886
BRDA:1146,71,1,1634
BRDA:1154,114,0,1634
BRDA:1154,114,1,1634
BRDA:1146,81,1,1618
BRDA:1168,159,0,1618
BRDA:1168,159,1,1618
BRDA:1146,66,1,1642
BRDA:1182,201,0,1642
BRDA:1182,201,1,1642
BRDA:1146,86,1,1642
BRDA:1196,243,0,1642
BRDA:1196,243,1,1642
BRDA:1146,94,1,1762
BRDA:1210,285,0,1762
BRDA:1210,285,1,1762
BRDA:1146,71,0,8422
BRDA:1146,94,0,8422
BRDA:1220,316,0,1240
BRDA:1220,316,1,7182
FN:1231,System.Boolean Dodo.Primitives.Uuid::TryParseExact(System.ReadOnlySpan`1<System.Char>,System.ReadOnlySpan`1<System.Char>,Dodo.Primitives.Uuid&)
FNDA:25638,System.Boolean Dodo.Primitives.Uuid::TryParseExact(System.ReadOnlySpan`1<System.Char>,System.ReadOnlySpan`1<System.Char>,Dodo.Primitives.Uuid&)
DA:1232,25638
DA:1234,372
DA:1235,372
DA:1238,25266
DA:1239,25266
DA:1240,25266
DA:1242,25266
DA:1245,4902
DA:1246,4902
DA:1248,4902
DA:1251,4902
DA:1254,4854
DA:1255,4854
DA:1257,4854
DA:1260,4854
DA:1263,4926
DA:1264,4926
DA:1266,4926
DA:1269,4926
DA:1272,4926
DA:1273,4926
DA:1275,4926
DA:1278,4926
DA:1281,5286
DA:1282,5286
DA:1284,5286
DA:1291,25266
DA:1293,3720
DA:1294,3720
DA:1297,21546
DA:1298,21546
BRDA:1232,8,0,372
BRDA:1232,8,1,25266
BRDA:1242,50,0,9828
BRDA:1242,55,0,4902
BRDA:1242,50,1,15438
BRDA:1242,70,0,10584
BRDA:1242,75,0,5658
BRDA:1242,60,1,4902
BRDA:1242,70,1,4854
BRDA:1242,55,1,4926
BRDA:1242,75,1,4926
BRDA:1242,80,1,5286
BRDA:1242,60,0,25266
BRDA:1242,80,0,25266
BRDA:1291,272,0,3720
BRDA:1291,272,1,21546
FN:1302,System.Boolean Dodo.Primitives.Uuid::ParseWithoutExceptions(System.ReadOnlySpan`1<System.Char>,System.Char*,System.Byte*)
FNDA:21162,System.Boolean Dodo.Primitives.Uuid::ParseWithoutExceptions(System.ReadOnlySpan`1<System.Char>,System.Char*,System.Byte*)
DA:1303,21162
DA:1304,21162
DA:1306,3
DA:1309,21159
DA:1310,21159
DA:1311,21159
DA:1312,21159
DA:1316,3420
DA:1320,7200
DA:1321,7200
DA:1322,7200
DA:1326,10539
DA:1327,10539
DA:1328,10539
BRDA:1304,9,0,3
BRDA:1304,9,1,21159
BRDA:1312,44,0,17739
BRDA:1312,44,1,3420
BRDA:1312,49,1,7200
BRDA:1320,70,0,3780
BRDA:1320,70,1,3420
BRDA:1312,49,0,10539
BRDA:1326,98,0,4875
BRDA:1326,98,1,5664
FN:1334,System.Boolean Dodo.Primitives.Uuid::ParseWithoutExceptionsD(System.UInt32,System.Char*,System.Byte*)
FNDA:15468,System.Boolean Dodo.Primitives.Uuid::ParseWithoutExceptionsD(System.UInt32,System.Char*,System.Byte*)
DA:1335,15468
DA:1337,10452
DA:1340,5016
DA:1342,144
DA:1345,4872
BRDA:1335,3,0,10452
BRDA:1335,3,1,5016
BRDA:1340,16,0,4980
BRDA:1340,28,0,4944
BRDA:1340,40,0,4908
BRDA:1340,16,1,144
BRDA:1340,28,1,144
BRDA:1340,40,1,144
BRDA:1340,52,0,144
BRDA:1340,52,1,4872
FN:1349,System.Boolean Dodo.Primitives.Uuid::ParseWithoutExceptionsN(System.UInt32,System.Char*,System.Byte*)
FNDA:14583,System.Boolean Dodo.Primitives.Uuid::ParseWithoutExceptionsN(System.UInt32,System.Char*,System.Byte*)
DA:1350,14583
BRDA:1350,3,0,4875
BRDA:1350,3,1,9708
FN:1354,System.Boolean Dodo.Primitives.Uuid::ParseWithoutExceptionsB(System.UInt32,System.Char*,System.Byte*)
FNDA:13272,System.Boolean Dodo.Primitives.Uuid::ParseWithoutExceptionsB(System.UInt32,System.Char*,System.Byte*)
DA:1355,13272
DA:1357,6708
DA:1360,6564
DA:1361,6564
DA:1362,6564
DA:1363,6564
DA:1364,6564
DA:1365,6564
DA:1367,1692
DA:1370,4872
BRDA:1355,3,0,6708
BRDA:1355,3,1,6564
BRDA:1360,11,0,5052
BRDA:1360,23,0,5016
BRDA:1360,35,0,4980
BRDA:1360,47,0,4944
BRDA:1360,59,0,4908
BRDA:1360,11,1,1692
BRDA:1360,23,1,1692
BRDA:1360,35,1,1692
BRDA:1360,47,1,1692
BRDA:1360,59,1,1692
BRDA:1360,71,0,1692
BRDA:1360,71,1,4872
FN:1374,System.Boolean Dodo.Primitives.Uuid::ParseWithoutExceptionsP(System.UInt32,System.Char*,System.Byte*)
FNDA:13272,System.Boolean Dodo.Primitives.Uuid::ParseWithoutExceptionsP(System.UInt32,System.Char*,System.Byte*)
DA:1375,13272
DA:1377,6708
DA:1380,6564
DA:1381,6564
DA:1382,6564
DA:1383,6564
DA:1384,6564
DA:1385,6564
DA:1387,1692
DA:1390,4872
BRDA:1375,3,0,6708
BRDA:1375,3,1,6564
BRDA:1380,11,0,5052
BRDA:1380,23,0,5016
BRDA:1380,35,0,4980
BRDA:1380,47,0,4944
BRDA:1380,59,0,4908
BRDA:1380,11,1,1692
BRDA:1380,23,1,1692
BRDA:1380,35,1,1692
BRDA:1380,47,1,1692
BRDA:1380,59,1,1692
BRDA:1380,71,0,1692
BRDA:1380,71,1,4872
FN:1394,System.Boolean Dodo.Primitives.Uuid::ParseWithoutExceptionsX(System.UInt32,System.Char*,System.Byte*)
FNDA:14352,System.Boolean Dodo.Primitives.Uuid::ParseWithoutExceptionsX(System.UInt32,System.Char*,System.Byte*)
DA:1395,14352
DA:1397,8196
DA:1400,6156
DA:1401,6156
DA:1402,6156
DA:1403,6156
DA:1404,6156
DA:1405,6156
DA:1406,6156
DA:1407,6156
DA:1408,6156
DA:1409,6156
DA:1410,6156
DA:1411,6156
DA:1412,6156
DA:1413,6156
DA:1414,6156
DA:1415,6156
DA:1416,6156
DA:1417,6156
DA:1418,6156
DA:1419,6156
DA:1420,6156
DA:1421,6156
DA:1422,6156
DA:1423,6156
DA:1424,6156
DA:1425,6156
DA:1426,6156
DA:1427,6156
DA:1428,6156
DA:1429,6156
DA:1430,6156
DA:1431,6156
DA:1432,6156
DA:1433,6156
DA:1434,6156
DA:1435,6156
DA:1437,1284
DA:1440,4872
BRDA:1395,3,0,8196
BRDA:1395,3,1,6156
BRDA:1400,11,0,6132
BRDA:1400,22,0,6096
BRDA:1400,36,0,6060
BRDA:1400,51,0,6024
BRDA:1400,66,0,5988
BRDA:1400,81,0,5952
BRDA:1400,96,0,5916
BRDA:1400,111,0,5880
BRDA:1400,126,0,5844
BRDA:1400,141,0,5808
BRDA:1400,156,0,5772
BRDA:1400,171,0,5736
BRDA:1400,186,0,5700
BRDA:1400,201,0,5664
BRDA:1400,216,0,5628
BRDA:1400,231,0,5592
BRDA:1400,246,0,5556
BRDA:1400,261,0,5520
BRDA:1400,276,0,5484
BRDA:1400,291,0,5448
BRDA:1400,306,0,5412
BRDA:1400,321,0,5376
BRDA:1400,336,0,5340
BRDA:1400,351,0,5304
BRDA:1400,366,0,5268
BRDA:1400,381,0,5232
BRDA:1400,393,0,5196
BRDA:1400,405,0,5160
BRDA:1400,417,0,5124
BRDA:1400,429,0,5088
BRDA:1400,441,0,5052
BRDA:1400,453,0,5016
BRDA:1400,465,0,4980
BRDA:1400,477,0,4944
BRDA:1400,489,0,4908
BRDA:1400,11,1,1284
BRDA:1400,22,1,1284
BRDA:1400,36,1,1284
BRDA:1400,51,1,1284
BRDA:1400,66,1,1284
BRDA:1400,81,1,1284
BRDA:1400,96,1,1284
BRDA:1400,111,1,1284
BRDA:1400,126,1,1284
BRDA:1400,141,1,1284
BRDA:1400,156,1,1284
BRDA:1400,171,1,1284
BRDA:1400,186,1,1284
BRDA:1400,201,1,1284
BRDA:1400,216,1,1284
BRDA:1400,231,1,1284
BRDA:1400,246,1,1284
BRDA:1400,261,1,1284
BRDA:1400,276,1,1284
BRDA:1400,291,1,1284
BRDA:1400,306,1,1284
BRDA:1400,321,1,1284
BRDA:1400,336,1,1284
BRDA:1400,351,1,1284
BRDA:1400,366,1,1284
BRDA:1400,381,1,1284
BRDA:1400,393,1,1284
BRDA:1400,405,1,1284
BRDA:1400,417,1,1284
BRDA:1400,429,1,1284
BRDA:1400,441,1,1284
BRDA:1400,453,1,1284
BRDA:1400,465,1,1284
BRDA:1400,477,1,1284
BRDA:1400,489,1,1284
BRDA:1400,501,0,1284
BRDA:1400,501,1,4872
FN:1484,System.Boolean Dodo.Primitives.Uuid::ParseWithoutExceptionsUtf8(System.ReadOnlySpan`1<System.Byte>,System.Byte*,System.Byte*)
FNDA:6852,System.Boolean Dodo.Primitives.Uuid::ParseWithoutExceptionsUtf8(System.ReadOnlySpan`1<System.Byte>,System.Byte*,System.Byte*)
DA:1485,6852
DA:1487,6852
DA:1491,966
DA:1496,1408
DA:1497,1408
DA:1498,1408
DA:1501,704
DA:1502,704
DA:1503,704
DA:1508,3774
DA:1509,3774
DA:1510,3774
BRDA:1487,21,0,5886
BRDA:1487,21,1,966
BRDA:1487,26,1,2112
BRDA:1496,47,0,764
BRDA:1496,47,1,644
BRDA:1487,26,0,2516
BRDA:1508,76,0,1124
BRDA:1508,76,1,1392
BRDA:1501,48,0,382
BRDA:1501,48,1,322
BRDA:1487,26,0,1258
BRDA:1508,77,0,562
BRDA:1508,77,1,696
FN:1517,System.Boolean Dodo.Primitives.Uuid::ParseWithoutExceptionsDUtf8(System.UInt32,System.Byte*,System.Byte*)
FNDA:2088,System.Boolean Dodo.Primitives.Uuid::ParseWithoutExceptionsDUtf8(System.UInt32,System.Byte*,System.Byte*)
DA:1518,2088
DA:1520,1608
DA:1523,480
DA:1524,480
DA:1525,480
DA:1526,480
DA:1528,12
DA:1531,468
BRDA:1518,3,0,1608
BRDA:1518,3,1,480
BRDA:1523,13,0,477
BRDA:1523,22,0,474
BRDA:1523,31,0,471
BRDA:1523,13,1,12
BRDA:1523,22,1,12
BRDA:1523,31,1,12
BRDA:1523,40,0,12
BRDA:1523,40,1,468
FN:1535,System.Boolean Dodo.Primitives.Uuid::ParseWithoutExceptionsNUtf8(System.UInt32,System.Byte*,System.Byte*)
FNDA:1686,System.Boolean Dodo.Primitives.Uuid::ParseWithoutExceptionsNUtf8(System.UInt32,System.Byte*,System.Byte*)
DA:1536,1686
BRDA:1536,3,0,468
BRDA:1536,3,1,1218
FN:1540,System.Boolean Dodo.Primitives.Uuid::ParseWithoutExceptionsBUtf8(System.UInt32,System.Byte*,System.Byte*)
FNDA:966,System.Boolean Dodo.Primitives.Uuid::ParseWithoutExceptionsBUtf8(System.UInt32,System.Byte*,System.Byte*)
DA:1541,966
DA:1543,483
DA:1546,483
DA:1547,483
DA:1548,483
DA:1549,483
DA:1550,483
DA:1551,483
DA:1553,15
DA:1556,468
BRDA:1541,3,0,483
BRDA:1541,3,1,483
BRDA:1546,11,0,483
BRDA:1546,20,0,480
BRDA:1546,29,0,477
BRDA:1546,38,0,474
BRDA:1546,47,0,471
BRDA:1546,11,1,15
BRDA:1546,20,1,15
BRDA:1546,29,1,15
BRDA:1546,38,1,15
BRDA:1546,47,1,15
BRDA:1546,56,0,15
BRDA:1546,56,1,468
FN:1560,System.Boolean Dodo.Primitives.Uuid::ParseWithoutExceptionsPUtf8(System.UInt32,System.Byte*,System.Byte*)
FNDA:966,System.Boolean Dodo.Primitives.Uuid::ParseWithoutExceptionsPUtf8(System.UInt32,System.Byte*,System.Byte*)
DA:1561,966
DA:1563,483
DA:1566,483
DA:1567,483
DA:1568,483
DA:1569,483
DA:1570,483
DA:1571,483
DA:1573,15
DA:1576,468
BRDA:1561,3,0,483
BRDA:1561,3,1,483
BRDA:1566,11,0,483
BRDA:1566,20,0,480
BRDA:1566,29,0,477
BRDA:1566,38,0,474
BRDA:1566,47,0,471
BRDA:1566,11,1,15
BRDA:1566,20,1,15
BRDA:1566,29,1,15
BRDA:1566,38,1,15
BRDA:1566,47,1,15
BRDA:1566,56,0,15
BRDA:1566,56,1,468
FN:1580,System.Boolean Dodo.Primitives.Uuid::ParseWithoutExceptionsXUtf8(System.UInt32,System.Byte*,System.Byte*)
FNDA:1146,System.Boolean Dodo.Primitives.Uuid::ParseWithoutExceptionsXUtf8(System.UInt32,System.Byte*,System.Byte*)
DA:1581,1146
DA:1583,573
DA:1586,573
DA:1587,573
DA:1588,573
DA:1589,573
DA:1590,573
DA:1591,573
DA:1592,573
DA:1593,573
DA:1594,573
DA:1595,573
DA:1596,573
DA:1597,573
DA:1598,573
DA:1599,573
DA:1600,573
DA:1601,573
DA:1602,573
DA:1603,573
DA:1604,573
DA:1605,573
DA:1606,573
DA:1607,573
DA:1608,573
DA:1609,573
DA:1610,573
DA:1611,573
DA:1612,573
DA:1613,573
DA:1614,573
DA:1615,573
DA:1616,573
DA:1617,573
DA:1618,573
DA:1619,573
DA:1620,573
DA:1621,573
DA:1622,573
DA:1624,105
DA:1627,468
BRDA:1581,3,0,573
BRDA:1581,3,1,573
BRDA:1586,11,0,573
BRDA:1586,22,0,570
BRDA:1586,33,0,567
BRDA:1586,45,0,564
BRDA:1586,57,0,561
BRDA:1586,69,0,558
BRDA:1586,81,0,555
BRDA:1586,93,0,552
BRDA:1586,105,0,549
BRDA:1586,117,0,546
BRDA:1586,129,0,543
BRDA:1586,141,0,540
BRDA:1586,153,0,537
BRDA:1586,165,0,534
BRDA:1586,177,0,531
BRDA:1586,189,0,528
BRDA:1586,201,0,525
BRDA:1586,213,0,522
BRDA:1586,225,0,519
BRDA:1586,237,0,516
BRDA:1586,249,0,513
BRDA:1586,261,0,510
BRDA:1586,270,0,507
BRDA:1586,279,0,504
BRDA:1586,288,0,501
BRDA:1586,297,0,498
BRDA:1586,306,0,495
BRDA:1586,315,0,492
BRDA:1586,324,0,489
BRDA:1586,333,0,486
BRDA:1586,342,0,483
BRDA:1586,351,0,480
BRDA:1586,360,0,477
BRDA:1586,369,0,474
BRDA:1586,378,0,471
BRDA:1586,11,1,105
BRDA:1586,22,1,105
BRDA:1586,33,1,105
BRDA:1586,45,1,105
BRDA:1586,57,1,105
BRDA:1586,69,1,105
BRDA:1586,81,1,105
BRDA:1586,93,1,105
BRDA:1586,105,1,105
BRDA:1586,117,1,105
BRDA:1586,129,1,105
BRDA:1586,141,1,105
BRDA:1586,153,1,105
BRDA:1586,165,1,105
BRDA:1586,177,1,105
BRDA:1586,189,1,105
BRDA:1586,201,1,105
BRDA:1586,213,1,105
BRDA:1586,225,1,105
BRDA:1586,237,1,105
BRDA:1586,249,1,105
BRDA:1586,261,1,105
BRDA:1586,270,1,105
BRDA:1586,279,1,105
BRDA:1586,288,1,105
BRDA:1586,297,1,105
BRDA:1586,306,1,105
BRDA:1586,315,1,105
BRDA:1586,324,1,105
BRDA:1586,333,1,105
BRDA:1586,342,1,105
BRDA:1586,351,1,105
BRDA:1586,360,1,105
BRDA:1586,369,1,105
BRDA:1586,378,1,105
BRDA:1586,387,0,105
BRDA:1586,387,1,468
FN:1631,System.Void Dodo.Primitives.Uuid::ParseWithExceptions(System.ReadOnlySpan`1<System.Char>,System.Char*,System.Byte*)
FNDA:17088,System.Void Dodo.Primitives.Uuid::ParseWithExceptions(System.ReadOnlySpan`1<System.Char>,System.Char*,System.Byte*)
DA:1632,17088
DA:1633,17088
DA:1635,6
DA:1638,17082
DA:1639,17082
DA:1640,17082
DA:1641,17082
DA:1645,2676
DA:1646,1488
DA:1650,5712
DA:1652,2676
DA:1653,1488
DA:1656,3036
DA:1657,1488
DA:1661,8694
DA:1663,4938
DA:1664,1506
DA:1667,3756
DA:1671,1128
BRDA:1633,9,0,6
BRDA:1633,9,1,17082
BRDA:1641,46,0,14406
BRDA:1641,46,1,2676
BRDA:1641,51,1,5712
BRDA:1650,72,0,2676
BRDA:1650,72,1,3036
BRDA:1641,51,0,8694
BRDA:1661,100,0,4938
BRDA:1661,100,1,3756
FN:1675,System.Void Dodo.Primitives.Uuid::ParseWithExceptionsD(System.UInt32,System.Char*,System.Byte*)
FNDA:14736,System.Void Dodo.Primitives.Uuid::ParseWithExceptionsD(System.UInt32,System.Char*,System.Byte*)
DA:1676,14736
DA:1678,10446
DA:1681,4290
DA:1683,144
DA:1686,4146
DA:1688,1152
DA:1690,2994
BRDA:1676,3,0,10446
BRDA:1676,3,1,4290
BRDA:1681,25,0,4254
BRDA:1681,37,0,4218
BRDA:1681,49,0,4182
BRDA:1681,25,1,144
BRDA:1681,37,1,144
BRDA:1681,49,1,144
BRDA:1681,61,0,144
BRDA:1681,61,1,4146
BRDA:1686,81,0,1152
BRDA:1686,81,1,2994
FN:1694,System.Void Dodo.Primitives.Uuid::ParseWithExceptionsN(System.UInt32,System.Char*,System.Byte*)
FNDA:13458,System.Void Dodo.Primitives.Uuid::ParseWithExceptionsN(System.UInt32,System.Char*,System.Byte*)
DA:1695,13458
DA:1697,9690
DA:1700,3768
DA:1702,1152
DA:1704,2616
BRDA:1695,3,0,9690
BRDA:1695,3,1,3768
BRDA:1700,23,0,1152
BRDA:1700,23,1,2616
FN:1708,System.Void Dodo.Primitives.Uuid::ParseWithExceptionsB(System.UInt32,System.Char*,System.Byte*)
FNDA:12522,System.Void Dodo.Primitives.Uuid::ParseWithExceptionsB(System.UInt32,System.Char*,System.Byte*)
DA:1709,12522
DA:1711,6702
DA:1714,5820
DA:1716,1548
DA:1719,4272
DA:1721,144
DA:1724,4128
DA:1726,1152
DA:1728,2976
BRDA:1709,3,0,6702
BRDA:1709,3,1,5820
BRDA:1714,20,0,4308
BRDA:1714,20,1,1548
BRDA:1714,32,0,1548
BRDA:1714,32,1,4272
BRDA:1719,55,0,4236
BRDA:1719,67,0,4200
BRDA:1719,79,0,4164
BRDA:1719,55,1,144
BRDA:1719,67,1,144
BRDA:1719,79,1,144
BRDA:1719,91,0,144
BRDA:1719,91,1,4128
BRDA:1724,113,0,1152
BRDA:1724,113,1,2976
FN:1732,System.Void Dodo.Primitives.Uuid::ParseWithExceptionsP(System.UInt32,System.Char*,System.Byte*)
FNDA:12522,System.Void Dodo.Primitives.Uuid::ParseWithExceptionsP(System.UInt32,System.Char*,System.Byte*)
DA:1733,12522
DA:1735,6702
DA:1738,5820
DA:1740,1548
DA:1743,4272
DA:1745,144
DA:1748,4128
DA:1750,1152
DA:1752,2976
BRDA:1733,3,0,6702
BRDA:1733,3,1,5820
BRDA:1738,20,0,4308
BRDA:1738,20,1,1548
BRDA:1738,32,0,1548
BRDA:1738,32,1,4272
BRDA:1743,55,0,4236
BRDA:1743,67,0,4200
BRDA:1743,79,0,4164
BRDA:1743,55,1,144
BRDA:1743,67,1,144
BRDA:1743,79,1,144
BRDA:1743,91,0,144
BRDA:1743,91,1,4128
BRDA:1748,113,0,1152
BRDA:1748,113,1,2976
FN:1756,System.Void Dodo.Primitives.Uuid::ParseWithExceptionsX(System.UInt32,System.Char*,System.Byte*)
FNDA:13602,System.Void Dodo.Primitives.Uuid::ParseWithExceptionsX(System.UInt32,System.Char*,System.Byte*)
DA:1757,13602
DA:1759,8190
DA:1760,8190
DA:1763,5412
DA:1764,5412
DA:1765,5412
DA:1767,96
DA:1768,96
DA:1771,5316
DA:1773,36
DA:1776,5280
DA:1777,5280
DA:1778,5280
DA:1779,5280
DA:1780,5280
DA:1781,5280
DA:1782,5280
DA:1783,5280
DA:1784,5280
DA:1785,5280
DA:1787,360
DA:1788,360
DA:1791,4920
DA:1792,4920
DA:1793,4920
DA:1794,4920
DA:1795,4920
DA:1796,4920
DA:1797,4920
DA:1798,4920
DA:1799,4920
DA:1800,4920
DA:1801,4920
DA:1802,4920
DA:1803,4920
DA:1804,4920
DA:1805,4920
DA:1806,4920
DA:1807,4920
DA:1808,4920
DA:1809,4920
DA:1810,4920
DA:1811,4920
DA:1812,4920
DA:1814,792
DA:1818,4128
DA:1820,1152
DA:1822,2976
BRDA:1757,3,0,8190
BRDA:1757,3,1,5412
BRDA:1763,20,0,5388
BRDA:1763,32,0,5352
BRDA:1763,20,1,96
BRDA:1763,32,1,96
BRDA:1763,44,0,96
BRDA:1763,44,1,5316
BRDA:1771,67,0,36
BRDA:1771,67,1,5280
BRDA:1776,90,0,5244
BRDA:1776,102,0,5208
BRDA:1776,114,0,5172
BRDA:1776,126,0,5136
BRDA:1776,138,0,5100
BRDA:1776,150,0,5064
BRDA:1776,162,0,5028
BRDA:1776,174,0,4992
BRDA:1776,186,0,4956
BRDA:1776,90,1,360
BRDA:1776,102,1,360
BRDA:1776,114,1,360
BRDA:1776,126,1,360
BRDA:1776,138,1,360
BRDA:1776,150,1,360
BRDA:1776,162,1,360
BRDA:1776,174,1,360
BRDA:1776,186,1,360
BRDA:1776,198,0,360
BRDA:1776,198,1,4920
BRDA:1791,217,0,4884
BRDA:1791,231,0,4848
BRDA:1791,246,0,4812
BRDA:1791,261,0,4776
BRDA:1791,276,0,4740
BRDA:1791,291,0,4704
BRDA:1791,306,0,4668
BRDA:1791,321,0,4632
BRDA:1791,336,0,4596
BRDA:1791,351,0,4560
BRDA:1791,366,0,4524
BRDA:1791,381,0,4488
BRDA:1791,393,0,4452
BRDA:1791,405,0,4416
BRDA:1791,417,0,4380
BRDA:1791,429,0,4344
BRDA:1791,441,0,4308
BRDA:1791,453,0,4272
BRDA:1791,465,0,4236
BRDA:1791,477,0,4200
BRDA:1791,489,0,4164
BRDA:1791,217,1,792
BRDA:1791,231,1,792
BRDA:1791,246,1,792
BRDA:1791,261,1,792
BRDA:1791,276,1,792
BRDA:1791,291,1,792
BRDA:1791,306,1,792
BRDA:1791,321,1,792
BRDA:1791,336,1,792
BRDA:1791,351,1,792
BRDA:1791,366,1,792
BRDA:1791,381,1,792
BRDA:1791,393,1,792
BRDA:1791,405,1,792
BRDA:1791,417,1,792
BRDA:1791,429,1,792
BRDA:1791,441,1,792
BRDA:1791,453,1,792
BRDA:1791,465,1,792
BRDA:1791,477,1,792
BRDA:1791,489,1,792
BRDA:1791,501,0,792
BRDA:1791,501,1,4128
BRDA:1818,521,0,1152
BRDA:1818,521,1,2976
FN:1834,System.Boolean Dodo.Primitives.Uuid::TryParsePtrN(System.Char*,System.Byte*)
FNDA:8643,System.Boolean Dodo.Primitives.Uuid::TryParsePtrN(System.Char*,System.Byte*)
DA:1835,8643
DA:1836,8643
DA:1837,8643
DA:1838,8643
DA:1840,8499
DA:1842,8499
DA:1843,8499
DA:1844,8499
DA:1845,8499
DA:1847,8355
DA:1849,8355
DA:1850,8355
DA:1851,8355
DA:1852,8355
DA:1854,8211
DA:1856,8211
DA:1857,8211
DA:1858,8211
DA:1859,8211
DA:1861,8067
DA:1863,8067
DA:1864,8067
DA:1865,8067
DA:1866,8067
DA:1868,7923
DA:1870,7923
DA:1871,7923
DA:1872,7923
DA:1873,7923
DA:1875,7779
DA:1877,7779
DA:1878,7779
DA:1879,7779
DA:1880,7779
DA:1882,7635
DA:1884,7635
DA:1885,7635
DA:1886,7635
DA:1887,7635
DA:1889,7491
DA:1891,7491
DA:1892,7491
DA:1893,7491
DA:1894,7491
DA:1896,7347
DA:1898,7347
DA:1899,7347
DA:1900,7347
DA:1901,7347
DA:1903,7203
DA:1905,7203
DA:1906,7203
DA:1907,7203
DA:1908,7203
DA:1910,7059
DA:1912,7059
DA:1913,7059
DA:1914,7059
DA:1915,7059
DA:1917,6915
DA:1919,6915
DA:1920,6915
DA:1921,6915
DA:1922,6915
DA:1924,6771
DA:1926,6771
DA:1927,6771
DA:1928,6771
DA:1929,6771
DA:1931,6627
DA:1933,6627
DA:1934,6627
DA:1935,6627
DA:1936,6627
DA:1938,6483
DA:1940,6483
DA:1941,6483
DA:1942,6483
DA:1943,6483
DA:1945,6339
DA:1946,6339
DA:1964,2304
BRDA:1835,4,0,8571
BRDA:1835,25,0,8571
BRDA:1835,36,0,8499
BRDA:1835,59,0,8499
BRDA:1842,82,0,8427
BRDA:1842,108,0,8427
BRDA:1842,122,0,8355
BRDA:1842,148,0,8355
BRDA:1849,173,0,8283
BRDA:1849,199,0,8283
BRDA:1849,213,0,8211
BRDA:1849,239,0,8211
BRDA:1856,264,0,8139
BRDA:1856,290,0,8139
BRDA:1856,304,0,8067
BRDA:1856,330,0,8067
BRDA:1863,355,0,7995
BRDA:1863,381,0,7995
BRDA:1863,396,0,7923
BRDA:1863,423,0,7923
BRDA:1870,449,0,7851
BRDA:1870,476,0,7851
BRDA:1870,491,0,7779
BRDA:1870,518,0,7779
BRDA:1877,544,0,7707
BRDA:1877,571,0,7707
BRDA:1877,586,0,7635
BRDA:1877,613,0,7635
BRDA:1884,639,0,7563
BRDA:1884,666,0,7563
BRDA:1884,681,0,7491
BRDA:1884,708,0,7491
BRDA:1891,734,0,7419
BRDA:1891,761,0,7419
BRDA:1891,776,0,7347
BRDA:1891,803,0,7347
BRDA:1898,829,0,7275
BRDA:1898,856,0,7275
BRDA:1898,871,0,7203
BRDA:1898,898,0,7203
BRDA:1905,925,0,7131
BRDA:1905,952,0,7131
BRDA:1905,967,0,7059
BRDA:1905,994,0,7059
BRDA:1912,1021,0,6987
BRDA:1912,1048,0,6987
BRDA:1912,1063,0,6915
BRDA:1912,1090,0,6915
BRDA:1919,1117,0,6843
BRDA:1919,1144,0,6843
BRDA:1919,1159,0,6771
BRDA:1919,1186,0,6771
BRDA:1926,1213,0,6699
BRDA:1926,1240,0,6699
BRDA:1926,1255,0,6627
BRDA:1926,1282,0,6627
BRDA:1933,1309,0,6555
BRDA:1933,1336,0,6555
BRDA:1933,1351,0,6483
BRDA:1933,1375,0,6483
BRDA:1940,1399,0,6411
BRDA:1940,1423,0,6411
BRDA:1940,1435,0,6339
BRDA:1940,1459,0,6339
BRDA:1835,4,1,2304
BRDA:1835,25,1,2304
BRDA:1835,36,1,2304
BRDA:1835,59,1,2304
BRDA:1842,82,1,2304
BRDA:1842,108,1,2304
BRDA:1842,122,1,2304
BRDA:1842,148,1,2304
BRDA:1849,173,1,2304
BRDA:1849,199,1,2304
BRDA:1849,213,1,2304
BRDA:1849,239,1,2304
BRDA:1856,264,1,2304
BRDA:1856,290,1,2304
BRDA:1856,304,1,2304
BRDA:1856,330,1,2304
BRDA:1863,355,1,2304
BRDA:1863,381,1,2304
BRDA:1863,396,1,2304
BRDA:1863,423,1,2304
BRDA:1870,449,1,2304
BRDA:1870,476,1,2304
BRDA:1870,491,1,2304
BRDA:1870,518,1,2304
BRDA:1877,544,1,2304
BRDA:1877,571,1,2304
BRDA:1877,586,1,2304
BRDA:1877,613,1,2304
BRDA:1884,639,1,2304
BRDA:1884,666,1,2304
BRDA:1884,681,1,2304
BRDA:1884,708,1,2304
BRDA:1891,734,1,2304
BRDA:1891,761,1,2304
BRDA:1891,776,1,2304
BRDA:1891,803,1,2304
BRDA:1898,829,1,2304
BRDA:1898,856,1,2304
BRDA:1898,871,1,2304
BRDA:1898,898,1,2304
BRDA:1905,925,1,2304
BRDA:1905,952,1,2304
BRDA:1905,967,1,2304
BRDA:1905,994,1,2304
BRDA:1912,1021,1,2304
BRDA:1912,1048,1,2304
BRDA:1912,1063,1,2304
BRDA:1912,1090,1,2304
BRDA:1919,1117,1,2304
BRDA:1919,1144,1,2304
BRDA:1919,1159,1,2304
BRDA:1919,1186,1,2304
BRDA:1926,1213,1,2304
BRDA:1926,1240,1,2304
BRDA:1926,1255,1,2304
BRDA:1926,1282,1,2304
BRDA:1933,1309,1,2304
BRDA:1933,1336,1,2304
BRDA:1933,1351,1,2304
BRDA:1933,1375,1,2304
BRDA:1940,1399,1,2304
BRDA:1940,1423,1,2304
BRDA:1940,1435,1,2304
BRDA:1940,1459,1,2304
FN:1978,System.Boolean Dodo.Primitives.Uuid::TryParsePtrD(System.Char*,System.Byte*)
FNDA:27018,System.Boolean Dodo.Primitives.Uuid::TryParsePtrD(System.Char*,System.Byte*)
DA:1979,27018
DA:1980,27018
DA:1981,27018
DA:1982,27018
DA:1984,26586
DA:1986,26586
DA:1987,26586
DA:1988,26586
DA:1989,26586
DA:1991,26154
DA:1993,26154
DA:1994,26154
DA:1995,26154
DA:1996,26154
DA:1998,25722
DA:2000,25722
DA:2001,25722
DA:2002,25722
DA:2003,25722
DA:2005,25290
DA:2010,25290
DA:2011,25290
DA:2012,25290
DA:2013,25290
DA:2015,24858
DA:2017,24858
DA:2018,24858
DA:2019,24858
DA:2020,24858
DA:2022,24426
DA:2027,24426
DA:2028,24426
DA:2029,24426
DA:2030,24426
DA:2032,23994
DA:2034,23994
DA:2035,23994
DA:2036,23994
DA:2037,23994
DA:2039,23562
DA:2044,23562
DA:2045,23562
DA:2046,23562
DA:2047,23562
DA:2049,23130
DA:2051,23130
DA:2052,23130
DA:2053,23130
DA:2054,23130
DA:2056,22698
DA:2061,22698
DA:2062,22698
DA:2063,22698
DA:2064,22698
DA:2066,22266
DA:2068,22266
DA:2069,22266
DA:2070,22266
DA:2071,22266
DA:2073,21834
DA:2075,21834
DA:2076,21834
DA:2077,21834
DA:2078,21834
DA:2080,21402
DA:2082,21402
DA:2083,21402
DA:2084,21402
DA:2085,21402
DA:2087,20970
DA:2089,20970
DA:2090,20970
DA:2091,20970
DA:2092,20970
DA:2094,20538
DA:2096,20538
DA:2097,20538
DA:2098,20538
DA:2099,20538
DA:2101,20106
DA:2102,20106
DA:2120,6912
BRDA:1979,4,0,26802
BRDA:1979,25,0,26802
BRDA:1979,36,0,26586
BRDA:1979,59,0,26586
BRDA:1986,82,0,26370
BRDA:1986,108,0,26370
BRDA:1986,122,0,26154
BRDA:1986,148,0,26154
BRDA:1993,173,0,25938
BRDA:1993,199,0,25938
BRDA:1993,213,0,25722
BRDA:1993,239,0,25722
BRDA:2000,264,0,25506
BRDA:2000,290,0,25506
BRDA:2000,304,0,25290
BRDA:2000,330,0,25290
BRDA:2010,356,0,25074
BRDA:2010,383,0,25074
BRDA:2010,398,0,24858
BRDA:2010,425,0,24858
BRDA:2017,451,0,24642
BRDA:2017,478,0,24642
BRDA:2017,493,0,24426
BRDA:2017,520,0,24426
BRDA:2027,546,0,24210
BRDA:2027,573,0,24210
BRDA:2027,588,0,23994
BRDA:2027,615,0,23994
BRDA:2034,641,0,23778
BRDA:2034,668,0,23778
BRDA:2034,683,0,23562
BRDA:2034,710,0,23562
BRDA:2044,736,0,23346
BRDA:2044,763,0,23346
BRDA:2044,778,0,23130
BRDA:2044,805,0,23130
BRDA:2051,831,0,22914
BRDA:2051,858,0,22914
BRDA:2051,873,0,22698
BRDA:2051,900,0,22698
BRDA:2061,927,0,22482
BRDA:2061,954,0,22482
BRDA:2061,969,0,22266
BRDA:2061,996,0,22266
BRDA:2068,1023,0,22050
BRDA:2068,1050,0,22050
BRDA:2068,1065,0,21834
BRDA:2068,1092,0,21834
BRDA:2075,1119,0,21618
BRDA:2075,1146,0,21618
BRDA:2075,1161,0,21402
BRDA:2075,1188,0,21402
BRDA:2082,1215,0,21186
BRDA:2082,1242,0,21186
BRDA:2082,1257,0,20970
BRDA:2082,1284,0,20970
BRDA:2089,1311,0,20754
BRDA:2089,1338,0,20754
BRDA:2089,1353,0,20538
BRDA:2089,1377,0,20538
BRDA:2096,1401,0,20322
BRDA:2096,1425,0,20322
BRDA:2096,1437,0,20106
BRDA:2096,1461,0,20106
BRDA:1979,4,1,6912
BRDA:1979,25,1,6912
BRDA:1979,36,1,6912
BRDA:1979,59,1,6912
BRDA:1986,82,1,6912
BRDA:1986,108,1,6912
BRDA:1986,122,1,6912
BRDA:1986,148,1,6912
BRDA:1993,173,1,6912
BRDA:1993,199,1,6912
BRDA:1993,213,1,6912
BRDA:1993,239,1,6912
BRDA:2000,264,1,6912
BRDA:2000,290,1,6912
BRDA:2000,304,1,6912
BRDA:2000,330,1,6912
BRDA:2010,356,1,6912
BRDA:2010,383,1,6912
BRDA:2010,398,1,6912
BRDA:2010,425,1,6912
BRDA:2017,451,1,6912
BRDA:2017,478,1,6912
BRDA:2017,493,1,6912
BRDA:2017,520,1,6912
BRDA:2027,546,1,6912
BRDA:2027,573,1,6912
BRDA:2027,588,1,6912
BRDA:2027,615,1,6912
BRDA:2034,641,1,6912
BRDA:2034,668,1,6912
BRDA:2034,683,1,6912
BRDA:2034,710,1,6912
BRDA:2044,736,1,6912
BRDA:2044,763,1,6912
BRDA:2044,778,1,6912
BRDA:2044,805,1,6912
BRDA:2051,831,1,6912
BRDA:2051,858,1,6912
BRDA:2051,873,1,6912
BRDA:2051,900,1,6912
BRDA:2061,927,1,6912
BRDA:2061,954,1,6912
BRDA:2061,969,1,6912
BRDA:2061,996,1,6912
BRDA:2068,1023,1,6912
BRDA:2068,1050,1,6912
BRDA:2068,1065,1,6912
BRDA:2068,1092,1,6912
BRDA:2075,1119,1,6912
BRDA:2075,1146,1,6912
BRDA:2075,1161,1,6912
BRDA:2075,1188,1,6912
BRDA:2082,1215,1,6912
BRDA:2082,1242,1,6912
BRDA:2082,1257,1,6912
BRDA:2082,1284,1,6912
BRDA:2089,1311,1,6912
BRDA:2089,1338,1,6912
BRDA:2089,1353,1,6912
BRDA:2089,1377,1,6912
BRDA:2096,1401,1,6912
BRDA:2096,1425,1,6912
BRDA:2096,1437,1,6912
BRDA:2096,1461,1,6912
FN:2138,System.Boolean Dodo.Primitives.Uuid::TryParsePtrX(System.Char*,System.Byte*)
FNDA:9000,System.Boolean Dodo.Primitives.Uuid::TryParsePtrX(System.Char*,System.Byte*)
DA:2139,9000
DA:2140,9000
DA:2141,9000
DA:2142,9000
DA:2144,8856
DA:2146,8856
DA:2147,8856
DA:2148,8856
DA:2149,8856
DA:2151,8712
DA:2153,8712
DA:2154,8712
DA:2155,8712
DA:2156,8712
DA:2158,8568
DA:2160,8568
DA:2161,8568
DA:2162,8568
DA:2163,8568
DA:2165,8424
DA:2172,8424
DA:2173,8424
DA:2174,8424
DA:2175,8424
DA:2177,8280
DA:2179,8280
DA:2180,8280
DA:2181,8280
DA:2182,8280
DA:2184,8136
DA:2191,8136
DA:2192,8136
DA:2193,8136
DA:2194,8136
DA:2196,7992
DA:2198,7992
DA:2199,7992
DA:2200,7992
DA:2201,7992
DA:2203,7848
DA:2211,7848
DA:2212,7848
DA:2213,7848
DA:2214,7848
DA:2216,7704
DA:2223,7704
DA:2224,7704
DA:2225,7704
DA:2226,7704
DA:2228,7560
DA:2235,7560
DA:2236,7560
DA:2237,7560
DA:2238,7560
DA:2240,7416
DA:2247,7416
DA:2248,7416
DA:2249,7416
DA:2250,7416
DA:2252,7272
DA:2259,7272
DA:2260,7272
DA:2261,7272
DA:2262,7272
DA:2264,7128
DA:2271,7128
DA:2272,7128
DA:2273,7128
DA:2274,7128
DA:2276,6984
DA:2283,6984
DA:2284,6984
DA:2285,6984
DA:2286,6984
DA:2288,6840
DA:2295,6840
DA:2296,6840
DA:2297,6840
DA:2298,6840
DA:2300,6696
DA:2301,6696
DA:2319,2304
BRDA:2139,9,0,8928
BRDA:2139,35,0,8928
BRDA:2139,49,0,8856
BRDA:2139,75,0,8856
BRDA:2146,98,0,8784
BRDA:2146,124,0,8784
BRDA:2146,138,0,8712
BRDA:2146,164,0,8712
BRDA:2153,189,0,8640
BRDA:2153,215,0,8640
BRDA:2153,229,0,8568
BRDA:2153,255,0,8568
BRDA:2160,281,0,8496
BRDA:2160,308,0,8496
BRDA:2160,323,0,8424
BRDA:2160,350,0,8424
BRDA:2172,376,0,8352
BRDA:2172,403,0,8352
BRDA:2172,418,0,8280
BRDA:2172,445,0,8280
BRDA:2179,471,0,8208
BRDA:2179,498,0,8208
BRDA:2179,513,0,8136
BRDA:2179,540,0,8136
BRDA:2191,566,0,8064
BRDA:2191,593,0,8064
BRDA:2191,608,0,7992
BRDA:2191,635,0,7992
BRDA:2198,661,0,7920
BRDA:2198,688,0,7920
BRDA:2198,703,0,7848
BRDA:2198,730,0,7848
BRDA:2211,756,0,7776
BRDA:2211,783,0,7776
BRDA:2211,798,0,7704
BRDA:2211,825,0,7704
BRDA:2223,851,0,7632
BRDA:2223,878,0,7632
BRDA:2223,893,0,7560
BRDA:2223,920,0,7560
BRDA:2235,947,0,7488
BRDA:2235,974,0,7488
BRDA:2235,989,0,7416
BRDA:2235,1016,0,7416
BRDA:2247,1043,0,7344
BRDA:2247,1070,0,7344
BRDA:2247,1085,0,7272
BRDA:2247,1112,0,7272
BRDA:2259,1139,0,7200
BRDA:2259,1166,0,7200
BRDA:2259,1181,0,7128
BRDA:2259,1208,0,7128
BRDA:2271,1235,0,7056
BRDA:2271,1262,0,7056
BRDA:2271,1277,0,6984
BRDA:2271,1304,0,6984
BRDA:2283,1331,0,6912
BRDA:2283,1358,0,6912
BRDA:2283,1373,0,6840
BRDA:2283,1397,0,6840
BRDA:2295,1421,0,6768
BRDA:2295,1445,0,6768
BRDA:2295,1457,0,6696
BRDA:2295,1481,0,6696
BRDA:2139,9,1,2304
BRDA:2139,35,1,2304
BRDA:2139,49,1,2304
BRDA:2139,75,1,2304
BRDA:2146,98,1,2304
BRDA:2146,124,1,2304
BRDA:2146,138,1,2304
BRDA:2146,164,1,2304
BRDA:2153,189,1,2304
BRDA:2153,215,1,2304
BRDA:2153,229,1,2304
BRDA:2153,255,1,2304
BRDA:2160,281,1,2304
BRDA:2160,308,1,2304
BRDA:2160,323,1,2304
BRDA:2160,350,1,2304
BRDA:2172,376,1,2304
BRDA:2172,403,1,2304
BRDA:2172,418,1,2304
BRDA:2172,445,1,2304
BRDA:2179,471,1,2304
BRDA:2179,498,1,2304
BRDA:2179,513,1,2304
BRDA:2179,540,1,2304
BRDA:2191,566,1,2304
BRDA:2191,593,1,2304
BRDA:2191,608,1,2304
BRDA:2191,635,1,2304
BRDA:2198,661,1,2304
BRDA:2198,688,1,2304
BRDA:2198,703,1,2304
BRDA:2198,730,1,2304
BRDA:2211,756,1,2304
BRDA:2211,783,1,2304
BRDA:2211,798,1,2304
BRDA:2211,825,1,2304
BRDA:2223,851,1,2304
BRDA:2223,878,1,2304
BRDA:2223,893,1,2304
BRDA:2223,920,1,2304
BRDA:2235,947,1,2304
BRDA:2235,974,1,2304
BRDA:2235,989,1,2304
BRDA:2235,1016,1,2304
BRDA:2247,1043,1,2304
BRDA:2247,1070,1,2304
BRDA:2247,1085,1,2304
BRDA:2247,1112,1,2304
BRDA:2259,1139,1,2304
BRDA:2259,1166,1,2304
BRDA:2259,1181,1,2304
BRDA:2259,1208,1,2304
BRDA:2271,1235,1,2304
BRDA:2271,1262,1,2304
BRDA:2271,1277,1,2304
BRDA:2271,1304,1,2304
BRDA:2283,1331,1,2304
BRDA:2283,1358,1,2304
BRDA:2283,1373,1,2304
BRDA:2283,1397,1,2304
BRDA:2295,1421,1,2304
BRDA:2295,1445,1,2304
BRDA:2295,1457,1,2304
BRDA:2295,1481,1,2304
FN:2333,System.Boolean Dodo.Primitives.Uuid::TryParsePtrNUtf8(System.Byte*,System.Byte*)
FNDA:468,System.Boolean Dodo.Primitives.Uuid::TryParsePtrNUtf8(System.Byte*,System.Byte*)
DA:2334,468
DA:2335,468
DA:2336,468
DA:2337,468
DA:2339,462
DA:2341,462
DA:2342,462
DA:2343,462
DA:2344,462
DA:2346,456
DA:2348,456
DA:2349,456
DA:2350,456
DA:2351,456
DA:2353,450
DA:2355,450
DA:2356,450
DA:2357,450
DA:2358,450
DA:2360,444
DA:2362,444
DA:2363,444
DA:2364,444
DA:2365,444
DA:2367,438
DA:2369,438
DA:2370,438
DA:2371,438
DA:2372,438
DA:2374,432
DA:2376,432
DA:2377,432
DA:2378,432
DA:2379,432
DA:2381,426
DA:2383,426
DA:2384,426
DA:2385,426
DA:2386,426
DA:2388,420
DA:2390,420
DA:2391,420
DA:2392,420
DA:2393,420
DA:2395,414
DA:2397,414
DA:2398,414
DA:2399,414
DA:2400,414
DA:2402,408
DA:2404,408
DA:2405,408
DA:2406,408
DA:2407,408
DA:2409,402
DA:2411,402
DA:2412,402
DA:2413,402
DA:2414,402
DA:2416,396
DA:2418,396
DA:2419,396
DA:2420,396
DA:2421,396
DA:2423,390
DA:2425,390
DA:2426,390
DA:2427,390
DA:2428,390
DA:2430,384
DA:2432,384
DA:2433,384
DA:2434,384
DA:2435,384
DA:2437,378
DA:2439,378
DA:2440,378
DA:2441,378
DA:2442,378
DA:2444,372
DA:2445,372
DA:2463,96
BRDA:2334,4,0,465
BRDA:2334,25,0,465
BRDA:2334,36,0,462
BRDA:2334,59,0,462
BRDA:2341,79,0,459
BRDA:2341,102,0,459
BRDA:2341,113,0,456
BRDA:2341,136,0,456
BRDA:2348,158,0,453
BRDA:2348,181,0,453
BRDA:2348,192,0,450
BRDA:2348,215,0,450
BRDA:2355,237,0,447
BRDA:2355,260,0,447
BRDA:2355,271,0,444
BRDA:2355,294,0,444
BRDA:2362,316,0,441
BRDA:2362,339,0,441
BRDA:2362,351,0,438
BRDA:2362,375,0,438
BRDA:2369,398,0,435
BRDA:2369,422,0,435
BRDA:2369,434,0,432
BRDA:2369,458,0,432
BRDA:2376,481,0,429
BRDA:2376,505,0,429
BRDA:2376,517,0,426
BRDA:2376,541,0,426
BRDA:2383,564,0,423
BRDA:2383,588,0,423
BRDA:2383,600,0,420
BRDA:2383,624,0,420
BRDA:2390,647,0,417
BRDA:2390,671,0,417
BRDA:2390,683,0,414
BRDA:2390,707,0,414
BRDA:2397,730,0,411
BRDA:2397,754,0,411
BRDA:2397,766,0,408
BRDA:2397,790,0,408
BRDA:2404,814,0,405
BRDA:2404,838,0,405
BRDA:2404,850,0,402
BRDA:2404,874,0,402
BRDA:2411,898,0,399
BRDA:2411,922,0,399
BRDA:2411,934,0,396
BRDA:2411,958,0,396
BRDA:2418,982,0,393
BRDA:2418,1006,0,393
BRDA:2418,1018,0,390
BRDA:2418,1042,0,390
BRDA:2425,1066,0,387
BRDA:2425,1090,0,387
BRDA:2425,1102,0,384
BRDA:2425,1126,0,384
BRDA:2432,1150,0,381
BRDA:2432,1174,0,381
BRDA:2432,1183,0,378
BRDA:2432,1204,0,378
BRDA:2439,1225,0,375
BRDA:2439,1246,0,375
BRDA:2439,1255,0,372
BRDA:2439,1276,0,372
BRDA:2334,4,1,96
BRDA:2334,25,1,96
BRDA:2334,36,1,96
BRDA:2334,59,1,96
BRDA:2341,79,1,96
BRDA:2341,102,1,96
BRDA:2341,113,1,96
BRDA:2341,136,1,96
BRDA:2348,158,1,96
BRDA:2348,181,1,96
BRDA:2348,192,1,96
BRDA:2348,215,1,96
BRDA:2355,237,1,96
BRDA:2355,260,1,96
BRDA:2355,271,1,96
BRDA:2355,294,1,96
BRDA:2362,316,1,96
BRDA:2362,339,1,96
BRDA:2362,351,1,96
BRDA:2362,375,1,96
BRDA:2369,398,1,96
BRDA:2369,422,1,96
BRDA:2369,434,1,96
BRDA:2369,458,1,96
BRDA:2376,481,1,96
BRDA:2376,505,1,96
BRDA:2376,517,1,96
BRDA:2376,541,1,96
BRDA:2383,564,1,96
BRDA:2383,588,1,96
BRDA:2383,600,1,96
BRDA:2383,624,1,96
BRDA:2390,647,1,96
BRDA:2390,671,1,96
BRDA:2390,683,1,96
BRDA:2390,707,1,96
BRDA:2397,730,1,96
BRDA:2397,754,1,96
BRDA:2397,766,1,96
BRDA:2397,790,1,96
BRDA:2404,814,1,96
BRDA:2404,838,1,96
BRDA:2404,850,1,96
BRDA:2404,874,1,96
BRDA:2411,898,1,96
BRDA:2411,922,1,96
BRDA:2411,934,1,96
BRDA:2411,958,1,96
BRDA:2418,982,1,96
BRDA:2418,1006,1,96
BRDA:2418,1018,1,96
BRDA:2418,1042,1,96
BRDA:2425,1066,1,96
BRDA:2425,1090,1,96
BRDA:2425,1102,1,96
BRDA:2425,1126,1,96
BRDA:2432,1150,1,96
BRDA:2432,1174,1,96
BRDA:2432,1183,1,96
BRDA:2432,1204,1,96
BRDA:2439,1225,1,96
BRDA:2439,1246,1,96
BRDA:2439,1255,1,96
BRDA:2439,1276,1,96
FN:2477,System.Boolean Dodo.Primitives.Uuid::TryParsePtrDUtf8(System.Byte*,System.Byte*)
FNDA:1404,System.Boolean Dodo.Primitives.Uuid::TryParsePtrDUtf8(System.Byte*,System.Byte*)
DA:2478,1404
DA:2479,1404
DA:2480,1404
DA:2481,1404
DA:2483,1386
DA:2485,1386
DA:2486,1386
DA:2487,1386
DA:2488,1386
DA:2490,1368
DA:2492,1368
DA:2493,1368
DA:2494,1368
DA:2495,1368
DA:2497,1350
DA:2499,1350
DA:2500,1350
DA:2501,1350
DA:2502,1350
DA:2504,1332
DA:2509,1332
DA:2510,1332
DA:2511,1332
DA:2512,1332
DA:2514,1314
DA:2516,1314
DA:2517,1314
DA:2518,1314
DA:2519,1314
DA:2521,1296
DA:2526,1296
DA:2527,1296
DA:2528,1296
DA:2529,1296
DA:2531,1278
DA:2533,1278
DA:2534,1278
DA:2535,1278
DA:2536,1278
DA:2538,1260
DA:2543,1260
DA:2544,1260
DA:2545,1260
DA:2546,1260
DA:2548,1242
DA:2550,1242
DA:2551,1242
DA:2552,1242
DA:2553,1242
DA:2555,1224
DA:2560,1224
DA:2561,1224
DA:2562,1224
DA:2563,1224
DA:2565,1206
DA:2567,1206
DA:2568,1206
DA:2569,1206
DA:2570,1206
DA:2572,1188
DA:2574,1188
DA:2575,1188
DA:2576,1188
DA:2577,1188
DA:2579,1170
DA:2581,1170
DA:2582,1170
DA:2583,1170
DA:2584,1170
DA:2586,1152
DA:2588,1152
DA:2589,1152
DA:2590,1152
DA:2591,1152
DA:2593,1134
DA:2595,1134
DA:2596,1134
DA:2597,1134
DA:2598,1134
DA:2600,1116
DA:2601,1116
DA:2619,288
BRDA:2478,4,0,1395
BRDA:2478,25,0,1395
BRDA:2478,36,0,1386
BRDA:2478,59,0,1386
BRDA:2485,79,0,1377
BRDA:2485,102,0,1377
BRDA:2485,113,0,1368
BRDA:2485,136,0,1368
BRDA:2492,158,0,1359
BRDA:2492,181,0,1359
BRDA:2492,192,0,1350
BRDA:2492,215,0,1350
BRDA:2499,237,0,1341
BRDA:2499,260,0,1341
BRDA:2499,271,0,1332
BRDA:2499,294,0,1332
BRDA:2509,317,0,1323
BRDA:2509,341,0,1323
BRDA:2509,353,0,1314
BRDA:2509,377,0,1314
BRDA:2516,400,0,1305
BRDA:2516,424,0,1305
BRDA:2516,436,0,1296
BRDA:2516,460,0,1296
BRDA:2526,483,0,1287
BRDA:2526,507,0,1287
BRDA:2526,519,0,1278
BRDA:2526,543,0,1278
BRDA:2533,566,0,1269
BRDA:2533,590,0,1269
BRDA:2533,602,0,1260
BRDA:2533,626,0,1260
BRDA:2543,649,0,1251
BRDA:2543,673,0,1251
BRDA:2543,685,0,1242
BRDA:2543,709,0,1242
BRDA:2550,732,0,1233
BRDA:2550,756,0,1233
BRDA:2550,768,0,1224
BRDA:2550,792,0,1224
BRDA:2560,816,0,1215
BRDA:2560,840,0,1215
BRDA:2560,852,0,1206
BRDA:2560,876,0,1206
BRDA:2567,900,0,1197
BRDA:2567,924,0,1197
BRDA:2567,936,0,1188
BRDA:2567,960,0,1188
BRDA:2574,984,0,1179
BRDA:2574,1008,0,1179
BRDA:2574,1020,0,1170
BRDA:2574,1044,0,1170
BRDA:2581,1068,0,1161
BRDA:2581,1092,0,1161
BRDA:2581,1104,0,1152
BRDA:2581,1128,0,1152
BRDA:2588,1152,0,1143
BRDA:2588,1176,0,1143
BRDA:2588,1185,0,1134
BRDA:2588,1206,0,1134
BRDA:2595,1227,0,1125
BRDA:2595,1248,0,1125
BRDA:2595,1257,0,1116
BRDA:2595,1278,0,1116
BRDA:2478,4,1,288
BRDA:2478,25,1,288
BRDA:2478,36,1,288
BRDA:2478,59,1,288
BRDA:2485,79,1,288
BRDA:2485,102,1,288
BRDA:2485,113,1,288
BRDA:2485,136,1,288
BRDA:2492,158,1,288
BRDA:2492,181,1,288
BRDA:2492,192,1,288
BRDA:2492,215,1,288
BRDA:2499,237,1,288
BRDA:2499,260,1,288
BRDA:2499,271,1,288
BRDA:2499,294,1,288
BRDA:2509,317,1,288
BRDA:2509,341,1,288
BRDA:2509,353,1,288
BRDA:2509,377,1,288
BRDA:2516,400,1,288
BRDA:2516,424,1,288
BRDA:2516,436,1,288
BRDA:2516,460,1,288
BRDA:2526,483,1,288
BRDA:2526,507,1,288
BRDA:2526,519,1,288
BRDA:2526,543,1,288
BRDA:2533,566,1,288
BRDA:2533,590,1,288
BRDA:2533,602,1,288
BRDA:2533,626,1,288
BRDA:2543,649,1,288
BRDA:2543,673,1,288
BRDA:2543,685,1,288
BRDA:2543,709,1,288
BRDA:2550,732,1,288
BRDA:2550,756,1,288
BRDA:2550,768,1,288
BRDA:2550,792,1,288
BRDA:2560,816,1,288
BRDA:2560,840,1,288
BRDA:2560,852,1,288
BRDA:2560,876,1,288
BRDA:2567,900,1,288
BRDA:2567,924,1,288
BRDA:2567,936,1,288
BRDA:2567,960,1,288
BRDA:2574,984,1,288
BRDA:2574,1008,1,288
BRDA:2574,1020,1,288
BRDA:2574,1044,1,288
BRDA:2581,1068,1,288
BRDA:2581,1092,1,288
BRDA:2581,1104,1,288
BRDA:2581,1128,1,288
BRDA:2588,1152,1,288
BRDA:2588,1176,1,288
BRDA:2588,1185,1,288
BRDA:2588,1206,1,288
BRDA:2595,1227,1,288
BRDA:2595,1248,1,288
BRDA:2595,1257,1,288
BRDA:2595,1278,1,288
FN:2637,System.Boolean Dodo.Primitives.Uuid::TryParsePtrXUtf8(System.Byte*,System.Byte*)
FNDA:468,System.Boolean Dodo.Primitives.Uuid::TryParsePtrXUtf8(System.Byte*,System.Byte*)
DA:2638,468
DA:2639,468
DA:2640,468
DA:2641,468
DA:2643,462
DA:2645,462
DA:2646,462
DA:2647,462
DA:2648,462
DA:2650,456
DA:2652,456
DA:2653,456
DA:2654,456
DA:2655,456
DA:2657,450
DA:2659,450
DA:2660,450
DA:2661,450
DA:2662,450
DA:2664,444
DA:2671,444
DA:2672,444
DA:2673,444
DA:2674,444
DA:2676,438
DA:2678,438
DA:2679,438
DA:2680,438
DA:2681,438
DA:2683,432
DA:2690,432
DA:2691,432
DA:2692,432
DA:2693,432
DA:2695,426
DA:2697,426
DA:2698,426
DA:2699,426
DA:2700,426
DA:2702,420
DA:2710,420
DA:2711,420
DA:2712,420
DA:2713,420
DA:2715,414
DA:2722,414
DA:2723,414
DA:2724,414
DA:2725,414
DA:2727,408
DA:2734,408
DA:2735,408
DA:2736,408
DA:2737,408
DA:2739,402
DA:2746,402
DA:2747,402
DA:2748,402
DA:2749,402
DA:2751,396
DA:2758,396
DA:2759,396
DA:2760,396
DA:2761,396
DA:2763,390
DA:2770,390
DA:2771,390
DA:2772,390
DA:2773,390
DA:2775,384
DA:2782,384
DA:2783,384
DA:2784,384
DA:2785,384
DA:2787,378
DA:2794,378
DA:2795,378
DA:2796,378
DA:2797,378
DA:2799,372
DA:2800,372
DA:2818,96
BRDA:2638,6,0,465
BRDA:2638,29,0,465
BRDA:2638,40,0,462
BRDA:2638,63,0,462
BRDA:2645,83,0,459
BRDA:2645,106,0,459
BRDA:2645,117,0,456
BRDA:2645,140,0,456
BRDA:2652,162,0,453
BRDA:2652,185,0,453
BRDA:2652,196,0,450
BRDA:2652,219,0,450
BRDA:2659,242,0,447
BRDA:2659,266,0,447
BRDA:2659,278,0,444
BRDA:2659,302,0,444
BRDA:2671,325,0,441
BRDA:2671,349,0,441
BRDA:2671,361,0,438
BRDA:2671,385,0,438
BRDA:2678,408,0,435
BRDA:2678,432,0,435
BRDA:2678,444,0,432
BRDA:2678,468,0,432
BRDA:2690,491,0,429
BRDA:2690,515,0,429
BRDA:2690,527,0,426
BRDA:2690,551,0,426
BRDA:2697,574,0,423
BRDA:2697,598,0,423
BRDA:2697,610,0,420
BRDA:2697,634,0,420
BRDA:2710,657,0,417
BRDA:2710,681,0,417
BRDA:2710,693,0,414
BRDA:2710,717,0,414
BRDA:2722,740,0,411
BRDA:2722,764,0,411
BRDA:2722,776,0,408
BRDA:2722,800,0,408
BRDA:2734,824,0,405
BRDA:2734,848,0,405
BRDA:2734,860,0,402
BRDA:2734,884,0,402
BRDA:2746,908,0,399
BRDA:2746,932,0,399
BRDA:2746,944,0,396
BRDA:2746,968,0,396
BRDA:2758,992,0,393
BRDA:2758,1016,0,393
BRDA:2758,1028,0,390
BRDA:2758,1052,0,390
BRDA:2770,1076,0,387
BRDA:2770,1100,0,387
BRDA:2770,1112,0,384
BRDA:2770,1136,0,384
BRDA:2782,1160,0,381
BRDA:2782,1184,0,381
BRDA:2782,1193,0,378
BRDA:2782,1214,0,378
BRDA:2794,1235,0,375
BRDA:2794,1256,0,375
BRDA:2794,1265,0,372
BRDA:2794,1286,0,372
BRDA:2638,6,1,96
BRDA:2638,29,1,96
BRDA:2638,40,1,96
BRDA:2638,63,1,96
BRDA:2645,83,1,96
BRDA:2645,106,1,96
BRDA:2645,117,1,96
BRDA:2645,140,1,96
BRDA:2652,162,1,96
BRDA:2652,185,1,96
BRDA:2652,196,1,96
BRDA:2652,219,1,96
BRDA:2659,242,1,96
BRDA:2659,266,1,96
BRDA:2659,278,1,96
BRDA:2659,302,1,96
BRDA:2671,325,1,96
BRDA:2671,349,1,96
BRDA:2671,361,1,96
BRDA:2671,385,1,96
BRDA:2678,408,1,96
BRDA:2678,432,1,96
BRDA:2678,444,1,96
BRDA:2678,468,1,96
BRDA:2690,491,1,96
BRDA:2690,515,1,96
BRDA:2690,527,1,96
BRDA:2690,551,1,96
BRDA:2697,574,1,96
BRDA:2697,598,1,96
BRDA:2697,610,1,96
BRDA:2697,634,1,96
BRDA:2710,657,1,96
BRDA:2710,681,1,96
BRDA:2710,693,1,96
BRDA:2710,717,1,96
BRDA:2722,740,1,96
BRDA:2722,764,1,96
BRDA:2722,776,1,96
BRDA:2722,800,1,96
BRDA:2734,824,1,96
BRDA:2734,848,1,96
BRDA:2734,860,1,96
BRDA:2734,884,1,96
BRDA:2746,908,1,96
BRDA:2746,932,1,96
BRDA:2746,944,1,96
BRDA:2746,968,1,96
BRDA:2758,992,1,96
BRDA:2758,1016,1,96
BRDA:2758,1028,1,96
BRDA:2758,1052,1,96
BRDA:2770,1076,1,96
BRDA:2770,1100,1,96
BRDA:2770,1112,1,96
BRDA:2770,1136,1,96
BRDA:2782,1160,1,96
BRDA:2782,1184,1,96
BRDA:2782,1193,1,96
BRDA:2782,1214,1,96
BRDA:2794,1235,1,96
BRDA:2794,1256,1,96
BRDA:2794,1265,1,96
BRDA:2794,1286,1,96
FN:18,System.Void Dodo.Primitives.Uuid::.cctor()
FNDA:3,System.Void Dodo.Primitives.Uuid::.cctor()
DA:19,3
DA:20,3
DA:21,3
FN:99,System.Void Dodo.Primitives.Uuid::.ctor(System.Byte[])
FNDA:13212,System.Void Dodo.Primitives.Uuid::.ctor(System.Byte[])
DA:100,13212
DA:102,3
DA:105,13209
DA:107,3
DA:110,13206
DA:111,13206
BRDA:100,1,0,3
BRDA:100,1,1,13209
BRDA:105,19,0,3
BRDA:105,19,1,13206
FN:114,System.Void Dodo.Primitives.Uuid::.ctor(System.Byte*)
FNDA:33,System.Void Dodo.Primitives.Uuid::.ctor(System.Byte*)
DA:115,33
DA:116,33
FN:119,System.Void Dodo.Primitives.Uuid::.ctor(System.ReadOnlySpan`1<System.Byte>)
FNDA:30,System.Void Dodo.Primitives.Uuid::.ctor(System.ReadOnlySpan`1<System.Byte>)
DA:120,30
DA:122,3
DA:125,27
DA:126,27
BRDA:120,9,0,3
BRDA:120,9,1,27
FN:818,System.Void Dodo.Primitives.Uuid::.ctor(System.String)
FNDA:1524,System.Void Dodo.Primitives.Uuid::.ctor(System.String)
DA:819,1524
DA:821,3
DA:824,1521
DA:825,1521
DA:827,1014
DA:830,507
DA:833,1521
DA:836,1518
DA:837,1518
BRDA:819,1,0,3
BRDA:819,1,1,1521
BRDA:830,32,0,507
BRDA:830,32,1,507
FN:840,System.Void Dodo.Primitives.Uuid::.ctor(System.ReadOnlySpan`1<System.Char>)
FNDA:1863,System.Void Dodo.Primitives.Uuid::.ctor(System.ReadOnlySpan`1<System.Char>)
DA:841,1863
DA:843,3
DA:846,1860
DA:847,1860
DA:848,1860
DA:850,1860
DA:853,1860
DA:854,1860
BRDA:841,7,0,3
BRDA:841,7,1,1860
LF:1281
LH:1281
BRF:1500
BRH:1500
FNF:59
FNH:59
end_of_record
SF:C:\Users\vanbukin\src\primitives\src\Dodo.Primitives\Uuid.Generator.cs
FN:16,Dodo.Primitives.Uuid Dodo.Primitives.Uuid::NewTimeBased()
FNDA:3,Dodo.Primitives.Uuid Dodo.Primitives.Uuid::NewTimeBased()
DA:17,3
DA:18,3
DA:19,3
DA:20,3
DA:21,3
DA:22,3
DA:23,3
DA:24,3
DA:25,3
DA:26,3
DA:27,3
DA:28,3
DA:29,3
DA:30,3
DA:31,3
DA:32,3
FN:36,Dodo.Primitives.Uuid Dodo.Primitives.Uuid::NewMySqlOptimized()
FNDA:3,Dodo.Primitives.Uuid Dodo.Primitives.Uuid::NewMySqlOptimized()
DA:37,3
DA:38,3
DA:39,3
DA:40,3
DA:41,3
DA:42,3
DA:43,3
DA:44,3
DA:45,3
DA:46,3
DA:47,3
DA:48,3
DA:49,3
DA:50,3
DA:51,3
DA:52,3
LF:32
LH:32
BRF:0
BRH:0
FNF:2
FNH:2
end_of_record
SF:C:\Users\vanbukin\src\primitives\src\Dodo.Primitives\UuidTypeConverter.cs
FN:33,System.Boolean Dodo.Primitives.UuidTypeConverter::CanConvertFrom(System.ComponentModel.ITypeDescriptorContext,System.Type)
FNDA:6,System.Boolean Dodo.Primitives.UuidTypeConverter::CanConvertFrom(System.ComponentModel.ITypeDescriptorContext,System.Type)
DA:34,6
BRDA:34,16,0,3
BRDA:34,16,1,3
FN:40,System.Boolean Dodo.Primitives.UuidTypeConverter::CanConvertTo(System.ComponentModel.ITypeDescriptorContext,System.Type)
FNDA:6,System.Boolean Dodo.Primitives.UuidTypeConverter::CanConvertTo(System.ComponentModel.ITypeDescriptorContext,System.Type)
DA:41,6
BRDA:41,16,0,3
BRDA:41,16,1,3
FN:48,System.Object Dodo.Primitives.UuidTypeConverter::ConvertFrom(System.ComponentModel.ITypeDescriptorContext,System.Globalization.CultureInfo,System.Object)
FNDA:12,System.Object Dodo.Primitives.UuidTypeConverter::ConvertFrom(System.ComponentModel.ITypeDescriptorContext,System.Globalization.CultureInfo,System.Object)
DA:49,12
DA:51,3
DA:54,9
DA:56,6
DA:58,3
DA:61,3
DA:64,3
BRDA:49,8,0,3
BRDA:49,8,1,9
BRDA:54,30,0,6
BRDA:56,48,0,3
BRDA:56,48,1,3
BRDA:54,30,1,3
FN:72,System.Object Dodo.Primitives.UuidTypeConverter::ConvertTo(System.ComponentModel.ITypeDescriptorContext,System.Globalization.CultureInfo,System.Object,System.Type)
FNDA:12,System.Object Dodo.Primitives.UuidTypeConverter::ConvertTo(System.ComponentModel.ITypeDescriptorContext,System.Globalization.CultureInfo,System.Object,System.Type)
DA:73,12
DA:75,9
DA:77,3
DA:80,6
DA:82,3
DA:86,6
BRDA:73,6,0,9
BRDA:75,32,0,3
BRDA:75,32,1,6
BRDA:80,64,0,3
BRDA:73,6,1,6
BRDA:80,64,1,6
FN:11,System.Void Dodo.Primitives.UuidTypeConverter::.cctor()
FNDA:3,System.Void Dodo.Primitives.UuidTypeConverter::.cctor()
DA:12,3
DA:13,3
DA:14,3
DA:15,3
DA:16,3
DA:17,18
DA:18,18
DA:19,3
DA:20,15
DA:21,15
DA:22,3
DA:23,3
DA:24,3
DA:25,3
DA:26,3
DA:27,15
DA:28,3
BRDA:18,11,0,15
BRDA:21,36,0,3
BRDA:18,11,1,15
BRDA:21,36,1,15
LF:32
LH:32
BRF:20
BRH:20
FNF:5
FNH:5
end_of_record
SF:C:\Users\vanbukin\src\primitives\src\Dodo.Primitives\Internal\InternalHexTables.cs
FN:13,System.Void Dodo.Primitives.Internal.InternalHexTables::.cctor()
FNDA:3,System.Void Dodo.Primitives.Internal.InternalHexTables::.cctor()
DA:14,3
DA:15,1542
DA:17,768
DA:18,768
DA:21,3
DA:22,624
DA:24,309
DA:25,309
DA:26,3
DA:27,3
DA:28,3
DA:29,3
DA:30,3
DA:31,3
DA:32,3
DA:33,3
DA:34,3
DA:35,3
DA:36,3
DA:37,3
DA:38,3
DA:39,3
DA:40,3
DA:41,3
DA:42,3
DA:43,3
DA:44,3
DA:45,3
DA:46,3
DA:47,3
DA:48,243
DA:49,309
DA:51,3
BRDA:15,83,1,768
BRDA:15,83,0,3
BRDA:22,405,1,309
BRDA:24,130,0,240
BRDA:24,130,1,3
BRDA:24,130,2,3
BRDA:24,130,3,3
BRDA:24,130,4,3
BRDA:24,130,5,3
BRDA:24,130,6,3
BRDA:24,130,7,3
BRDA:24,130,8,3
BRDA:24,130,9,3
BRDA:24,130,10,3
BRDA:24,232,1,3
BRDA:24,130,18,3
BRDA:24,232,2,3
BRDA:24,130,19,3
BRDA:24,232,3,3
BRDA:24,130,20,3
BRDA:24,232,4,3
BRDA:24,130,21,3
BRDA:24,232,5,3
BRDA:24,130,22,3
BRDA:24,232,6,3
BRDA:24,130,23,3
BRDA:24,130,11,243
BRDA:24,130,12,243
BRDA:24,130,13,243
BRDA:24,130,14,243
BRDA:24,130,15,243
BRDA:24,130,16,243
BRDA:24,130,17,243
BRDA:24,232,0,243
BRDA:22,405,0,3
LF:33
LH:33
BRF:35
BRH:35
FNF:1
FNH:1
end_of_record